16:56:17 INFO  : Registering command handlers for SDK TCF services
16:56:32 INFO  : Launching XSCT server: xsct -n -interactive /home/puya/Projects/FPGA/Xilinx/HLS/Vivado_HLS_Tutorial/Using_IP_with_Zynq/lab1/project_1/project_1.sdk/temp_xsdb_launch_script.tcl
16:56:47 INFO  : XSCT server has started successfully.
16:56:58 INFO  : Successfully done setting XSCT server connection channel  
16:56:58 INFO  : Successfully done setting SDK workspace  
16:56:58 INFO  : Processing command line option -hwspec /home/puya/Projects/FPGA/Xilinx/HLS/Vivado_HLS_Tutorial/Using_IP_with_Zynq/lab1/project_1/project_1.sdk/Zynq_Design_wrapper.hdf.
17:03:03 INFO  : Connected to target on host '127.0.0.1' and port '3121'.
17:08:46 WARN  : Given IPC port value is invalid. Using default port 2350
17:08:46 WARN  : Given XMD timeout value is invalid. Using default value of 50000
17:08:59 WARN  : Given XMD transaction timeout value is invalid. Using default value of 60000 milli seconds
17:09:00 WARN  : Given XMD transaction timeout value is invalid. Using default value of 60000 milli seconds
17:09:15 WARN  : Given XMD transaction timeout value is invalid. Using default value of 60000 milli seconds
17:09:16 ERROR : Checking FPGA configuration failed..Connection to Board Failed


    Unknown Error Occured
    Cable is not connected to the host

17:09:16 ERROR : Unexpected error while launching program.
com.xilinx.sdk.targetmanager.TMException: Connection to Board Failed


    Unknown Error Occured
    Cable is not connected to the host

	at com.xilinx.sdk.targetmanager.internal.TM.isFPGAConfigured(TM.java:368)
	at com.xilinx.sdk.debug.core.XilinxAppLaunchConfigurationDelegate.isFpgaConfigured(XilinxAppLaunchConfigurationDelegate.java:409)
	at com.xilinx.sdk.debug.core.XilinxAppLaunchConfigurationDelegate.launch(XilinxAppLaunchConfigurationDelegate.java:303)
	at com.xilinx.sdk.debug.ui.XilinxAppLaunchDelegateWrapper.launch(XilinxAppLaunchDelegateWrapper.java:31)
	at org.eclipse.debug.internal.core.LaunchConfiguration.launch(LaunchConfiguration.java:885)
	at org.eclipse.debug.internal.core.LaunchConfiguration.launch(LaunchConfiguration.java:739)
	at org.eclipse.debug.internal.ui.DebugUIPlugin.buildAndLaunch(DebugUIPlugin.java:1039)
	at org.eclipse.debug.internal.ui.DebugUIPlugin$8.run(DebugUIPlugin.java:1256)
	at org.eclipse.core.internal.jobs.Worker.run(Worker.java:55)
20:19:12 WARN  : Given XMD transaction timeout value is invalid. Using default value of 60000 milli seconds
20:19:13 ERROR : Checking FPGA configuration failed..Connection to Board Failed


    Unknown Error Occured
    Cable is not connected to the host

20:19:13 ERROR : Unexpected error while launching program.
com.xilinx.sdk.targetmanager.TMException: Connection to Board Failed


    Unknown Error Occured
    Cable is not connected to the host

	at com.xilinx.sdk.targetmanager.internal.TM.isFPGAConfigured(TM.java:368)
	at com.xilinx.sdk.debug.core.XilinxAppLaunchConfigurationDelegate.isFpgaConfigured(XilinxAppLaunchConfigurationDelegate.java:409)
	at com.xilinx.sdk.debug.core.XilinxAppLaunchConfigurationDelegate.launch(XilinxAppLaunchConfigurationDelegate.java:303)
	at com.xilinx.sdk.debug.ui.XilinxAppLaunchDelegateWrapper.launch(XilinxAppLaunchDelegateWrapper.java:31)
	at org.eclipse.debug.internal.core.LaunchConfiguration.launch(LaunchConfiguration.java:885)
	at org.eclipse.debug.internal.core.LaunchConfiguration.launch(LaunchConfiguration.java:739)
	at org.eclipse.debug.internal.ui.DebugUIPlugin.buildAndLaunch(DebugUIPlugin.java:1039)
	at org.eclipse.debug.internal.ui.DebugUIPlugin$8.run(DebugUIPlugin.java:1256)
	at org.eclipse.core.internal.jobs.Worker.run(Worker.java:55)
00:14:04 ERROR : Unexpected error while parsing XMD response ￿: com.google.gson.JsonSyntaxException: com.google.gson.stream.MalformedJsonException: invalid number or unquoted string near 
