INFO: [SIM 2] *************** CSIM start ***************
INFO: [SIM 4] CSIM will launch GCC as the compiler.
   Compiling(apcc) ../../../../adders_test.c in debug mode
INFO: [HLS 200-10] Running '/opt/Xilinx/Vivado/2017.4/bin/unwrapped/lnx64.o/apcc'
INFO: [HLS 200-10] For user 'puya' on host 'puyaa.puyaa' (Linux_x86_64 version 4.9.0-8-amd64) on Wed Jan 02 10:53:56 CET 2019
INFO: [HLS 200-10] On os Debian GNU/Linux 9.6 (stretch)
INFO: [HLS 200-10] In directory '/home/puya/Projects/FPGA/Xilinx/HLS/Vivado_HLS_Tutorial/Interface_Synthesis/lab1/adders_prj/solution1/csim/build'
INFO: [APCC 202-3] Tmp directory is /tmp/apcc_db_puya/327171546422836643836
INFO: [APCC 202-1] APCC is done.
   Compiling(apcc) ../../../../adders.c in debug mode
INFO: [HLS 200-10] Running '/opt/Xilinx/Vivado/2017.4/bin/unwrapped/lnx64.o/apcc'
INFO: [HLS 200-10] For user 'puya' on host 'puyaa.puyaa' (Linux_x86_64 version 4.9.0-8-amd64) on Wed Jan 02 10:54:05 CET 2019
INFO: [HLS 200-10] On os Debian GNU/Linux 9.6 (stretch)
INFO: [HLS 200-10] In directory '/home/puya/Projects/FPGA/Xilinx/HLS/Vivado_HLS_Tutorial/Interface_Synthesis/lab1/adders_prj/solution1/csim/build'
INFO: [APCC 202-3] Tmp directory is /tmp/apcc_db_puya/3101546422845818028
INFO: [APCC 202-1] APCC is done.
   Generating csim.exe
  10+20+30=60 
  20+30+40=90 
  30+40+50=120 
  40+50+60=150 
  50+60+70=180 
----------Pass!------------
INFO: [SIM 1] CSim done with 0 errors.
INFO: [SIM 3] *************** CSIM finish ***************
