#-----------------------------------------------------------
# Webtalk v2017.4 (64-bit)
# SW Build 2086221 on Fri Dec 15 20:54:30 MST 2017
# 
# Start of session at: Sun Jan  6 16:51:15 2019
# Process ID: 21760
# Current directory: /home/puya/Projects/FPGA/Xilinx/HLS/Vivado_HLS_Tutorial/Using_IP_with_Zynq/lab2/project_1/project_1.sdk/webtalk
# Command line: wbtcv -mode batch -source sdk_webtalk.tcl
# Log file: /home/puya/Projects/FPGA/Xilinx/HLS/Vivado_HLS_Tutorial/Using_IP_with_Zynq/lab2/project_1/project_1.sdk/webtalk/webtalk.log
# Journal file: /home/puya/Projects/FPGA/Xilinx/HLS/Vivado_HLS_Tutorial/Using_IP_with_Zynq/lab2/project_1/project_1.sdk/webtalk/webtalk.jou
#-----------------------------------------------------------
source sdk_webtalk.tcl
# webtalk_init -webtalk_dir /home/puya/Projects/FPGA/Xilinx/HLS/Vivado_HLS_Tutorial/Using_IP_with_Zynq/lab2/project_1/project_1.sdk/webtalk
# webtalk_register_client -client project
# webtalk_add_data -client project -key date_generated -value "2019-01-06 16:51:06" -context "software_version_and_target_device"
# webtalk_add_data -client project -key product_version -value "SDK v2017.4" -context "software_version_and_target_device"
# webtalk_add_data -client project -key build_version -value "2017.4" -context "software_version_and_target_device"
# webtalk_add_data -client project -key os_platform -value "amd64" -context "software_version_and_target_device"
# webtalk_add_data -client project -key registration_id -value "" -context "software_version_and_target_device"
# webtalk_add_data -client project -key tool_flow -value "SDK" -context "software_version_and_target_device"
# webtalk_add_data -client project -key beta -value "false" -context "software_version_and_target_device"
# webtalk_add_data -client project -key route_design -value "NA" -context "software_version_and_target_device"
# webtalk_add_data -client project -key target_family -value "NA" -context "software_version_and_target_device"
# webtalk_add_data -client project -key target_device -value "NA" -context "software_version_and_target_device"
# webtalk_add_data -client project -key target_package -value "NA" -context "software_version_and_target_device"
# webtalk_add_data -client project -key target_speed -value "NA" -context "software_version_and_target_device"
# webtalk_add_data -client project -key random_id -value "n65o2l1sv04qs5vi5j1ioq6ase" -context "software_version_and_target_device"
# webtalk_add_data -client project -key project_id -value "2017.4_2" -context "software_version_and_target_device"
# webtalk_add_data -client project -key project_iteration -value "2" -context "software_version_and_target_device"
# webtalk_add_data -client project -key os_name -value "Debian" -context "user_environment"
# webtalk_add_data -client project -key os_release -value "Debian GNU/Linux 9.6 (stretch)" -context "user_environment"
# webtalk_add_data -client project -key cpu_name -value "Intel(R) Core(TM) i3-6006U CPU @ 2.00GHz" -context "user_environment"
# webtalk_add_data -client project -key cpu_speed -value "477.783 MHz" -context "user_environment"
# webtalk_add_data -client project -key total_processors -value "1" -context "user_environment"
# webtalk_add_data -client project -key system_ram -value "3.935 GB" -context "user_environment"
# webtalk_register_client -client sdk
# webtalk_add_data -client sdk -key uid -value "1546740523000" -context "sdk\\\\hardware/1546740523000"
# webtalk_add_data -client sdk -key isZynq -value "true" -context "sdk\\\\hardware/1546740523000"
# webtalk_add_data -client sdk -key isZynqMP -value "false" -context "sdk\\\\hardware/1546740523000"
# webtalk_add_data -client sdk -key Processors -value "2" -context "sdk\\\\hardware/1546740523000"
# webtalk_add_data -client sdk -key VivadoVersion -value "2017.4" -context "sdk\\\\hardware/1546740523000"
# webtalk_add_data -client sdk -key Arch -value "zynq" -context "sdk\\\\hardware/1546740523000"
# webtalk_add_data -client sdk -key Device -value "7z020" -context "sdk\\\\hardware/1546740523000"
# webtalk_add_data -client sdk -key IsHandoff -value "true" -context "sdk\\\\hardware/1546740523000"
# webtalk_add_data -client sdk -key os -value "NA" -context "sdk\\\\hardware/1546740523000"
# webtalk_add_data -client sdk -key apptemplate -value "NA" -context "sdk\\\\hardware/1546740523000"
# webtalk_add_data -client sdk -key RecordType -value "HWCreation" -context "sdk\\\\hardware/1546740523000"
# webtalk_add_data -client sdk -key uid -value "1546740565000" -context "sdk\\\\hardware/1546740565000"
# webtalk_add_data -client sdk -key isZynq -value "true" -context "sdk\\\\hardware/1546740565000"
# webtalk_add_data -client sdk -key isZynqMP -value "false" -context "sdk\\\\hardware/1546740565000"
# webtalk_add_data -client sdk -key Processors -value "2" -context "sdk\\\\hardware/1546740565000"
# webtalk_add_data -client sdk -key VivadoVersion -value "2016.3.0" -context "sdk\\\\hardware/1546740565000"
# webtalk_add_data -client sdk -key Arch -value "zynq" -context "sdk\\\\hardware/1546740565000"
# webtalk_add_data -client sdk -key Device -value "7z020" -context "sdk\\\\hardware/1546740565000"
# webtalk_add_data -client sdk -key IsHandoff -value "true" -context "sdk\\\\hardware/1546740565000"
# webtalk_add_data -client sdk -key os -value "NA" -context "sdk\\\\hardware/1546740565000"
# webtalk_add_data -client sdk -key apptemplate -value "NA" -context "sdk\\\\hardware/1546740565000"
# webtalk_add_data -client sdk -key RecordType -value "HWCreation" -context "sdk\\\\hardware/1546740565000"
# webtalk_add_data -client sdk -key uid -value "1546740566000" -context "sdk\\\\bsp/1546740566000"
# webtalk_add_data -client sdk -key hwid -value "1546740565000" -context "sdk\\\\bsp/1546740566000"
# webtalk_add_data -client sdk -key os -value "standalone" -context "sdk\\\\bsp/1546740566000"
# webtalk_add_data -client sdk -key apptemplate -value "hello_world" -context "sdk\\\\bsp/1546740566000"
# webtalk_add_data -client sdk -key RecordType -value "BSPCreation" -context "sdk\\\\bsp/1546740566000"
# webtalk_add_data -client sdk -key uid -value "1546740572000" -context "sdk\\\\application/1546740572000"
# webtalk_add_data -client sdk -key hwid -value "1546740565000" -context "sdk\\\\application/1546740572000"
# webtalk_add_data -client sdk -key bspid -value "1546740566000" -context "sdk\\\\application/1546740572000"
# webtalk_add_data -client sdk -key newbsp -value "true" -context "sdk\\\\application/1546740572000"
# webtalk_add_data -client sdk -key os -value "standalone" -context "sdk\\\\application/1546740572000"
# webtalk_add_data -client sdk -key apptemplate -value "hello_world" -context "sdk\\\\application/1546740572000"
# webtalk_add_data -client sdk -key RecordType -value "APPCreation" -context "sdk\\\\application/1546740572000"
# webtalk_add_data -client sdk -key LangUsed -value "C" -context "sdk\\\\application/1546740572000"
# webtalk_add_data -client sdk -key Procused -value "ps7_cortexa9" -context "sdk\\\\application/1546740572000"
# webtalk_add_data -client sdk -key projSize -value "163.90234375" -context "sdk\\\\application/1546740572000"
# webtalk_add_data -client sdk -key uid -value "NA" -context "sdk\\\\bsp/1546789863234"
# webtalk_add_data -client sdk -key RecordType -value "ToolUsage" -context "sdk\\\\bsp/1546789863234"
# webtalk_add_data -client sdk -key BootgenCount -value "0" -context "sdk\\\\bsp/1546789863234"
# webtalk_add_data -client sdk -key DebugCount -value "0" -context "sdk\\\\bsp/1546789863234"
# webtalk_add_data -client sdk -key PerfCount -value "0" -context "sdk\\\\bsp/1546789863234"
# webtalk_add_data -client sdk -key FlashCount -value "0" -context "sdk\\\\bsp/1546789863234"
# webtalk_add_data -client sdk -key CrossTriggCount -value "0" -context "sdk\\\\bsp/1546789863234"
# webtalk_add_data -client sdk -key QemuDebugCount -value "0" -context "sdk\\\\bsp/1546789863234"
# webtalk_transmit -clientid 162328495 -regid "" -xml /home/puya/Projects/FPGA/Xilinx/HLS/Vivado_HLS_Tutorial/Using_IP_with_Zynq/lab2/project_1/project_1.sdk/webtalk/usage_statistics_ext_sdk.xml -html /home/puya/Projects/FPGA/Xilinx/HLS/Vivado_HLS_Tutorial/Using_IP_with_Zynq/lab2/project_1/project_1.sdk/webtalk/usage_statistics_ext_sdk.html -wdm /home/puya/Projects/FPGA/Xilinx/HLS/Vivado_HLS_Tutorial/Using_IP_with_Zynq/lab2/project_1/project_1.sdk/webtalk/sdk_webtalk.wdm -intro "<H3>SDK Usage Report</H3><BR>"
# webtalk_terminate
INFO: [Common 17-206] Exiting Webtalk at Sun Jan  6 16:51:16 2019...
