Vivado Simulator 2017.4
Copyright 1986-1999, 2001-2016 Xilinx, Inc. All Rights Reserved.
Running: /opt/Xilinx/Vivado/2017.4/bin/unwrapped/lnx64.o/xelab -wto cc0ce9eec3854e46968a80124d29e1ae --incr --debug typical --relax --mt 8 -L xbip_utils_v3_0_8 -L axi_utils_v2_0_4 -L c_reg_fd_v12_0_4 -L xbip_dsp48_wrapper_v3_0_4 -L xbip_pipe_v3_0_4 -L xbip_dsp48_addsub_v3_0_4 -L xbip_addsub_v3_0_4 -L c_addsub_v12_0_11 -L c_mux_bit_v12_0_4 -L c_shift_ram_v12_0_11 -L xbip_bram18k_v3_0_4 -L mult_gen_v12_0_13 -L cmpy_v6_0_14 -L floating_point_v7_0_14 -L xfft_v9_0_14 -L xil_defaultlib -L xlconstant_v1_1_3 -L unisims_ver -L unimacro_ver -L secureip -L xpm --snapshot realfft_rtl_tb_behav xil_defaultlib.realfft_rtl_tb xil_defaultlib.glbl -log elaborate.log 
Using 8 slave threads.
Starting static elaboration
Completed static elaboration
Starting simulation data flow analysis
Completed simulation data flow analysis
Time Resolution for simulation is 1ps
Compiling package std.standard
Compiling package std.textio
Compiling package ieee.std_logic_1164
Compiling package ieee.numeric_std
Compiling package xbip_utils_v3_0_8.xbip_utils_v3_0_8_pkg
Compiling package xfft_v9_0_14.xfft_v9_0_14_viv_comp
Compiling package ieee.std_logic_arith
Compiling package ieee.std_logic_unsigned
Compiling package ieee.math_real
Compiling package axi_utils_v2_0_4.axi_utils_v2_0_4_pkg
Compiling package mult_gen_v12_0_13.mult_gen_v12_0_13_pkg
Compiling package ieee.std_logic_signed
Compiling package cmpy_v6_0_14.cmpy_v6_0_14_pkg
Compiling package floating_point_v7_0_14.floating_point_v7_0_14_consts
Compiling package floating_point_v7_0_14.floating_point_v7_0_14_exp_table...
Compiling package floating_point_v7_0_14.floating_point_v7_0_14_pkg
Compiling package xfft_v9_0_14.pkg
Compiling package xfft_v9_0_14.xfft_v9_0_14_axi_pkg
Compiling package axi_utils_v2_0_4.global_util_pkg
Compiling package axi_utils_v2_0_4.axi_utils_comps
Compiling package unisim.vcomponents
Compiling package xbip_pipe_v3_0_4.xbip_pipe_v3_0_4_viv_comp
Compiling package xbip_addsub_v3_0_4.xbip_addsub_v3_0_4_viv_comp
Compiling package c_addsub_v12_0_11.c_addsub_v12_0_11_pkg
Compiling package c_addsub_v12_0_11.c_addsub_v12_0_11_pkg_legacy
Compiling package c_reg_fd_v12_0_4.c_reg_fd_v12_0_4_viv_comp
Compiling package ieee.vital_timing
Compiling package ieee.vital_primitives
Compiling package unisim.vpkg
Compiling package c_shift_ram_v12_0_11.c_shift_ram_v12_0_11_pkg
Compiling package c_mux_bit_v12_0_4.c_mux_bit_v12_0_4_viv_comp
Compiling package ieee.std_logic_textio
Compiling package xfft_v9_0_14.half_sincos_tw_table
Compiling package mult_gen_v12_0_13.dsp_pkg
Compiling package xfft_v9_0_14.quarter_sin_tw_table
Compiling package xfft_v9_0_14.quarter2_sin_tw_table
Compiling module xil_defaultlib.Loop_sliding_win_bkb_core(DATA_W...
Compiling module xil_defaultlib.Loop_sliding_win_bkb(DataWidth=1...
Compiling module xil_defaultlib.Loop_sliding_win_del
Compiling module xil_defaultlib.Loop_sliding_win_out
Compiling module xil_defaultlib.window_fn_coeff_tcud_rom
Compiling module xil_defaultlib.window_fn_coeff_tcud(DataWidth=1...
Compiling module xil_defaultlib.window_fn_coeff_tdEe_rom
Compiling module xil_defaultlib.window_fn_coeff_tdEe(DataWidth=1...
Compiling module xil_defaultlib.hls_real2xfft_muleOg_DSP48_0
Compiling module xil_defaultlib.hls_real2xfft_muleOg(ID=1,NUM_ST...
Compiling module xil_defaultlib.window_fn
Compiling module xil_defaultlib.Loop_real2xfft_outpu
Compiling module xil_defaultlib.fifo_w16_d256_A
Compiling module xil_defaultlib.fifo_w16_d512_A
Compiling module xil_defaultlib.fifo_w16_d2_A_shiftReg
Compiling module xil_defaultlib.fifo_w16_d2_A
Compiling module xil_defaultlib.start_for_Loop_slfYi_shiftReg
Compiling module xil_defaultlib.start_for_Loop_slfYi
Compiling module xil_defaultlib.start_for_window_g8j_shiftReg
Compiling module xil_defaultlib.start_for_window_g8j
Compiling module xil_defaultlib.start_for_Loop_rehbi_shiftReg
Compiling module xil_defaultlib.start_for_Loop_rehbi
Compiling module xil_defaultlib.hls_real2xfft
Compiling module xil_defaultlib.hls_real2xfft_m_axis_dout_reg_sl...
Compiling module xil_defaultlib.hls_real2xfft_m_axis_dout_if
Compiling module xil_defaultlib.hls_real2xfft_s_axis_din_reg_sli...
Compiling module xil_defaultlib.hls_real2xfft_s_axis_din_fifo(DA...
Compiling module xil_defaultlib.hls_real2xfft_s_axis_din_if
Compiling module xil_defaultlib.hls_real2xfft_ap_rst_if(RESET_AC...
Compiling module xil_defaultlib.hls_real2xfft_top
Compiling module xil_defaultlib.RealFFT_hls_real2xfft_0_0
Compiling module xil_defaultlib.hls_xfft2real_desg8j_memcore_ram
Compiling module xil_defaultlib.hls_xfft2real_desg8j_memcore
Compiling module xil_defaultlib.hls_xfft2real_desg8j(AddressRang...
Compiling module xil_defaultlib.Loop_realfft_be_buff
Compiling module xil_defaultlib.Loop_realfft_be_dbkb_rom
Compiling module xil_defaultlib.Loop_realfft_be_dbkb(DataWidth=1...
Compiling module xil_defaultlib.Loop_realfft_be_dcud_rom
Compiling module xil_defaultlib.Loop_realfft_be_dcud(DataWidth=1...
Compiling module xil_defaultlib.hls_xfft2real_muldEe_DSP48_0
Compiling module xil_defaultlib.hls_xfft2real_muldEe(ID=1,NUM_ST...
Compiling module xil_defaultlib.hls_xfft2real_maceOg_DSP48_1
Compiling module xil_defaultlib.hls_xfft2real_maceOg(ID=1,NUM_ST...
Compiling module xil_defaultlib.hls_xfft2real_macfYi_DSP48_2
Compiling module xil_defaultlib.hls_xfft2real_macfYi(ID=1,NUM_ST...
Compiling module xil_defaultlib.Loop_realfft_be_desc
Compiling module xil_defaultlib.hls_xfft2real
Compiling module xil_defaultlib.hls_xfft2real_m_axis_dout_reg_sl...
Compiling module xil_defaultlib.hls_xfft2real_m_axis_dout_fifo(D...
Compiling module xil_defaultlib.hls_xfft2real_m_axis_dout_if
Compiling module xil_defaultlib.hls_xfft2real_s_axis_din_reg_sli...
Compiling module xil_defaultlib.hls_xfft2real_s_axis_din_if
Compiling module xil_defaultlib.hls_xfft2real_ap_rst_if(RESET_AC...
Compiling module xil_defaultlib.hls_xfft2real_top
Compiling module xil_defaultlib.RealFFT_hls_xfft2real_0_0
Compiling architecture xilinx of entity axi_utils_v2_0_4.glb_srl_fifo [\glb_srl_fifo(width=11,has_uvpro...]
Compiling architecture xilinx of entity axi_utils_v2_0_4.glb_ifx_slave [\glb_ifx_slave(width=11,has_uvpr...]
Compiling architecture synth of entity xfft_v9_0_14.axi_wrapper_input_fifo [\axi_wrapper_input_fifo(c_fifo_w...]
Compiling architecture xilinx of entity axi_utils_v2_0_4.glb_srl_fifo [\glb_srl_fifo(width=33,has_uvpro...]
Compiling architecture xilinx of entity axi_utils_v2_0_4.glb_ifx_slave [\glb_ifx_slave(width=33,has_uvpr...]
Compiling architecture synth of entity xfft_v9_0_14.axi_wrapper_input_fifo [\axi_wrapper_input_fifo(c_fifo_w...]
Compiling architecture xilinx of entity axi_utils_v2_0_4.glb_srl_fifo [\glb_srl_fifo(width=33,has_uvpro...]
Compiling architecture xilinx of entity axi_utils_v2_0_4.glb_ifx_master [\glb_ifx_master(width=33,afull_t...]
Compiling architecture synth of entity xfft_v9_0_14.axi_wrapper_output_fifo [\axi_wrapper_output_fifo(c_fifo_...]
Compiling architecture synth of entity xfft_v9_0_14.axi_wrapper [\axi_wrapper(c_nfft_max=9,c_arch...]
Compiling architecture xilinx of entity xfft_v9_0_14.equ_rtl [\equ_rtl(c_xdevicefamily="zynq",...]
Compiling architecture xilinx of entity xfft_v9_0_14.r22_cnt_ctrl [\r22_cnt_ctrl(c_xdevicefamily="z...]
Compiling architecture xilinx of entity xfft_v9_0_14.r22_cnt_ctrl [\r22_cnt_ctrl(c_xdevicefamily="z...]
Compiling architecture xilinx of entity xfft_v9_0_14.shift_ram [\shift_ram(c_xdevicefamily="zynq...]
Compiling architecture struct of entity c_shift_ram_v12_0_11.c_shift_ram_v12_0_11_legacy [\c_shift_ram_v12_0_11_legacy(c_x...]
Compiling architecture synth of entity c_shift_ram_v12_0_11.c_shift_ram_v12_0_11_viv [\c_shift_ram_v12_0_11_viv(c_xdev...]
Compiling architecture xilinx of entity xfft_v9_0_14.shift_ram [\shift_ram(c_xdevicefamily="zynq...]
Compiling architecture fd_v of entity unisim.FD [fd_default]
Compiling architecture struct of entity c_shift_ram_v12_0_11.c_shift_ram_v12_0_11_legacy [\c_shift_ram_v12_0_11_legacy(c_x...]
Compiling architecture synth of entity c_shift_ram_v12_0_11.c_shift_ram_v12_0_11_viv [\c_shift_ram_v12_0_11_viv(c_xdev...]
Compiling architecture xilinx of entity xfft_v9_0_14.shift_ram [\shift_ram(c_xdevicefamily="zynq...]
Compiling architecture struct of entity c_shift_ram_v12_0_11.c_shift_ram_v12_0_11_legacy [\c_shift_ram_v12_0_11_legacy(c_x...]
Compiling architecture synth of entity c_shift_ram_v12_0_11.c_shift_ram_v12_0_11_viv [\c_shift_ram_v12_0_11_viv(c_xdev...]
Compiling architecture xilinx of entity xfft_v9_0_14.shift_ram [\shift_ram(c_xdevicefamily="zynq...]
Compiling architecture fde_v of entity unisim.FDE [fde_default]
Compiling architecture xilinx of entity xfft_v9_0_14.shift_ram [\shift_ram(c_xdevicefamily="zynq...]
Compiling architecture xilinx of entity xfft_v9_0_14.shift_ram [\shift_ram(c_xdevicefamily="zynq...]
Compiling architecture xilinx of entity xfft_v9_0_14.shift_ram [\shift_ram(c_xdevicefamily="zynq...]
Compiling architecture xilinx of entity xfft_v9_0_14.shift_ram [\shift_ram(c_xdevicefamily="zynq...]
Compiling architecture xilinx of entity xfft_v9_0_14.shift_ram [\shift_ram(c_xdevicefamily="zynq...]
Compiling architecture xilinx of entity xfft_v9_0_14.shift_ram [\shift_ram(c_xdevicefamily="zynq...]
Compiling architecture lut3_v of entity unisim.LUT3 [\LUT3(init="11001010")(0,7)\]
Compiling architecture xilinx of entity xfft_v9_0_14.mux_bus2 [\mux_bus2(c_xdevicefamily="zynq"...]
Compiling architecture xilinx of entity xfft_v9_0_14.r22_delay_mux [\r22_delay_mux(c_xdevicefamily="...]
Compiling architecture xilinx of entity xfft_v9_0_14.r22_delay_mux [\r22_delay_mux(c_xdevicefamily="...]
Compiling architecture xilinx of entity xfft_v9_0_14.shift_ram [\shift_ram(c_xdevicefamily="zynq...]
Compiling architecture xilinx of entity xfft_v9_0_14.shift_ram [\shift_ram(c_xdevicefamily="zynq...]
Compiling architecture rb18_internal_vhdl_v of entity unisim.RB18_INTERNAL_VHDL [\RB18_INTERNAL_VHDL(bram_size=18...]
Compiling architecture ramb18e1_v of entity unisim.RAMB18E1 [\RAMB18E1(doa_reg=1,dob_reg=1,ra...]
Compiling architecture xilinx of entity xfft_v9_0_14.dpm [\dpm(c_xdevicefamily="zynq",wm="...]
Compiling architecture xilinx of entity xfft_v9_0_14.r22_memory [\r22_memory(c_xdevicefamily="zyn...]
Compiling architecture structural of entity c_reg_fd_v12_0_4.c_reg_fd_v12_0_4_viv [\c_reg_fd_v12_0_4_viv(c_width=18...]
Compiling architecture rtl of entity c_addsub_v12_0_11.c_addsub_v12_0_11_lut6_legacy [\c_addsub_v12_0_11_lut6_legacy(c...]
Compiling architecture synth of entity c_addsub_v12_0_11.c_addsub_v12_0_11_fabric_legacy [\c_addsub_v12_0_11_fabric_legacy...]
Compiling architecture synth of entity c_addsub_v12_0_11.c_addsub_v12_0_11_legacy [\c_addsub_v12_0_11_legacy(c_fami...]
Compiling architecture synth of entity c_addsub_v12_0_11.c_addsub_v12_0_11_viv [\c_addsub_v12_0_11_viv(c_xdevice...]
Compiling architecture xilinx of entity xfft_v9_0_14.adder_bypass [\adder_bypass(c_xdevicefamily="z...]
Compiling architecture structural of entity c_reg_fd_v12_0_4.c_reg_fd_v12_0_4_viv [\c_reg_fd_v12_0_4_viv(c_width=18...]
Compiling architecture rtl of entity c_addsub_v12_0_11.c_addsub_v12_0_11_lut6_legacy [\c_addsub_v12_0_11_lut6_legacy(c...]
Compiling architecture synth of entity c_addsub_v12_0_11.c_addsub_v12_0_11_fabric_legacy [\c_addsub_v12_0_11_fabric_legacy...]
Compiling architecture synth of entity c_addsub_v12_0_11.c_addsub_v12_0_11_legacy [\c_addsub_v12_0_11_legacy(c_fami...]
Compiling architecture synth of entity c_addsub_v12_0_11.c_addsub_v12_0_11_viv [\c_addsub_v12_0_11_viv(c_xdevice...]
Compiling architecture xilinx of entity xfft_v9_0_14.sub_byp [\sub_byp(c_xdevicefamily="zynq",...]
Compiling architecture xilinx of entity xfft_v9_0_14.r22_bfly_byp [\r22_bfly_byp(c_xdevicefamily="z...]
Compiling architecture xilinx of entity xfft_v9_0_14.r22_bf [\r22_bf(c_xdevicefamily="zynq",c...]
Compiling architecture xilinx of entity xfft_v9_0_14.shift_ram [\shift_ram(c_xdevicefamily="zynq...]
Compiling architecture synth of entity xfft_v9_0_14.r22_twos_comp_mux [\r22_twos_comp_mux(c_xdevicefami...]
Compiling architecture synth of entity xfft_v9_0_14.r22_twos_comp_mux [\r22_twos_comp_mux(c_xdevicefami...]
Compiling architecture xilinx of entity xfft_v9_0_14.shift_ram [\shift_ram(c_xdevicefamily="zynq...]
Compiling architecture xilinx of entity xfft_v9_0_14.shift_ram [\shift_ram(c_xdevicefamily="zynq...]
Compiling architecture xilinx of entity xfft_v9_0_14.shift_ram [\shift_ram(c_xdevicefamily="zynq...]
Compiling architecture xilinx of entity xfft_v9_0_14.mux_bus2 [\mux_bus2(c_xdevicefamily="zynq"...]
Compiling architecture xilinx of entity xfft_v9_0_14.r22_delay_mux [\r22_delay_mux(c_xdevicefamily="...]
Compiling architecture xilinx of entity xfft_v9_0_14.r22_delay_mux [\r22_delay_mux(c_xdevicefamily="...]
Compiling architecture xilinx of entity xfft_v9_0_14.shift_ram [\shift_ram(c_xdevicefamily="zynq...]
Compiling architecture xilinx of entity xfft_v9_0_14.shift_ram [\shift_ram(c_xdevicefamily="zynq...]
Compiling architecture xilinx of entity xfft_v9_0_14.dpm [\dpm(c_xdevicefamily="zynq",wm="...]
Compiling architecture xilinx of entity xfft_v9_0_14.r22_memory [\r22_memory(c_xdevicefamily="zyn...]
Compiling architecture structural of entity c_reg_fd_v12_0_4.c_reg_fd_v12_0_4_viv [\c_reg_fd_v12_0_4_viv(c_width=19...]
Compiling architecture rtl of entity c_addsub_v12_0_11.c_addsub_v12_0_11_lut6_legacy [\c_addsub_v12_0_11_lut6_legacy(c...]
Compiling architecture synth of entity c_addsub_v12_0_11.c_addsub_v12_0_11_fabric_legacy [\c_addsub_v12_0_11_fabric_legacy...]
Compiling architecture synth of entity c_addsub_v12_0_11.c_addsub_v12_0_11_legacy [\c_addsub_v12_0_11_legacy(c_fami...]
Compiling architecture synth of entity c_addsub_v12_0_11.c_addsub_v12_0_11_viv [\c_addsub_v12_0_11_viv(c_xdevice...]
Compiling architecture xilinx of entity xfft_v9_0_14.adder_bypass [\adder_bypass(c_xdevicefamily="z...]
Compiling architecture structural of entity c_reg_fd_v12_0_4.c_reg_fd_v12_0_4_viv [\c_reg_fd_v12_0_4_viv(c_width=19...]
Compiling architecture rtl of entity c_addsub_v12_0_11.c_addsub_v12_0_11_lut6_legacy [\c_addsub_v12_0_11_lut6_legacy(c...]
Compiling architecture synth of entity c_addsub_v12_0_11.c_addsub_v12_0_11_fabric_legacy [\c_addsub_v12_0_11_fabric_legacy...]
Compiling architecture synth of entity c_addsub_v12_0_11.c_addsub_v12_0_11_legacy [\c_addsub_v12_0_11_legacy(c_fami...]
Compiling architecture synth of entity c_addsub_v12_0_11.c_addsub_v12_0_11_viv [\c_addsub_v12_0_11_viv(c_xdevice...]
Compiling architecture xilinx of entity xfft_v9_0_14.sub_byp [\sub_byp(c_xdevicefamily="zynq",...]
Compiling architecture xilinx of entity xfft_v9_0_14.r22_bfly_byp [\r22_bfly_byp(c_xdevicefamily="z...]
Compiling architecture xilinx of entity xfft_v9_0_14.r22_bf [\r22_bf(c_xdevicefamily="zynq",c...]
Compiling architecture structural of entity c_reg_fd_v12_0_4.c_reg_fd_v12_0_4_viv [\c_reg_fd_v12_0_4_viv(c_width=9,...]
Compiling architecture rtl of entity c_addsub_v12_0_11.c_addsub_v12_0_11_lut6_legacy [\c_addsub_v12_0_11_lut6_legacy(c...]
Compiling architecture synth of entity c_addsub_v12_0_11.c_addsub_v12_0_11_fabric_legacy [\c_addsub_v12_0_11_fabric_legacy...]
Compiling architecture synth of entity c_addsub_v12_0_11.c_addsub_v12_0_11_legacy [\c_addsub_v12_0_11_legacy(c_fami...]
Compiling architecture synth of entity c_addsub_v12_0_11.c_addsub_v12_0_11_viv [\c_addsub_v12_0_11_viv(c_xdevice...]
Compiling architecture xilinx of entity xfft_v9_0_14.adder [\adder(c_xdevicefamily="zynq",c_...]
Compiling architecture lut6_v of entity unisim.LUT6 [\LUT6(init="11111111000000001111...]
Compiling architecture xilinx of entity xfft_v9_0_14.mux_bus4 [\mux_bus4(c_xdevicefamily="zynq"...]
Compiling architecture vcc_v of entity unisim.VCC [vcc_default]
Compiling architecture xilinx of entity xfft_v9_0_14.twgen_half_sincos [\twgen_half_sincos(c_xdevicefami...]
Compiling architecture xilinx of entity xfft_v9_0_14.twiddle_gen [\twiddle_gen(c_xdevicefamily="zy...]
Compiling architecture xilinx of entity xfft_v9_0_14.r22_tw_gen [\r22_tw_gen(c_xdevicefamily="zyn...]
Compiling architecture xilinx of entity cmpy_v6_0_14.delay_line [\delay_line(c_xdevicefamily="zyn...]
Compiling architecture xilinx of entity cmpy_v6_0_14.delay_line [\delay_line(c_xdevicefamily="zyn...]
Compiling architecture xilinx of entity mult_gen_v12_0_13.delay_line [\delay_line(c_xdevicefamily="zyn...]
Compiling architecture xilinx of entity mult_gen_v12_0_13.delay_line [\delay_line(c_xdevicefamily="zyn...]
Compiling architecture dsp48e1_v of entity unisim.DSP48E1 [\DSP48E1(acascreg=2,alumodereg=0...]
Compiling architecture xilinx of entity mult_gen_v12_0_13.delay_line [\delay_line(c_xdevicefamily="zyn...]
Compiling architecture xilinx of entity mult_gen_v12_0_13.op_resize [\op_resize(ai_width=18,bi_width=...]
Compiling architecture xilinx of entity mult_gen_v12_0_13.dsp [\dsp(c_xdevicefamily="zynq",c_a_...]
Compiling architecture xilinx of entity cmpy_v6_0_14.cmpy_3_dsp48_mult [\cmpy_3_dsp48_mult(c_xdevicefami...]
Compiling architecture xilinx of entity mult_gen_v12_0_13.delay_line [\delay_line(c_xdevicefamily="zyn...]
Compiling architecture xilinx of entity mult_gen_v12_0_13.delay_line [\delay_line(c_xdevicefamily="zyn...]
Compiling architecture dsp48e1_v of entity unisim.DSP48E1 [\DSP48E1(alumodereg=0,bcascreg=2...]
Compiling architecture xilinx of entity mult_gen_v12_0_13.op_resize [\op_resize(ai_width=19,bi_width=...]
Compiling architecture xilinx of entity mult_gen_v12_0_13.dsp [\dsp(c_xdevicefamily="zynq",c_a_...]
Compiling architecture xilinx of entity cmpy_v6_0_14.cmpy_3_dsp48_mult [\cmpy_3_dsp48_mult(c_xdevicefami...]
Compiling architecture xilinx of entity mult_gen_v12_0_13.dsp [\dsp(c_xdevicefamily="zynq",c_a_...]
Compiling architecture xilinx of entity cmpy_v6_0_14.cmpy_3_dsp48_mult [\cmpy_3_dsp48_mult(c_xdevicefami...]
Compiling architecture xilinx of entity cmpy_v6_0_14.input_negation [\input_negation(c_xdevicefamily=...]
Compiling architecture xilinx of entity cmpy_v6_0_14.delay_line [\delay_line(c_xdevicefamily="zyn...]
Compiling architecture xilinx of entity cmpy_v6_0_14.delay_line [\delay_line(c_xdevicefamily="zyn...]
Compiling architecture xilinx of entity cmpy_v6_0_14.cmpy_3_dsp48 [\cmpy_3_dsp48(c_xdevicefamily="z...]
Compiling architecture xilinx of entity cmpy_v6_0_14.cmpy_v6_0_14_synth [\cmpy_v6_0_14_synth(c_xdevicefam...]
Compiling architecture xilinx of entity xfft_v9_0_14.cmpy [\cmpy(c_xdevicefamily="zynq",a_w...]
Compiling architecture xilinx of entity xfft_v9_0_14.mux_bus4 [\mux_bus4(c_xdevicefamily="zynq"...]
Compiling architecture xilinx of entity xfft_v9_0_14.arith_shift3 [\arith_shift3(c_xdevicefamily="z...]
Compiling architecture xilinx of entity xfft_v9_0_14.shift_ram [\shift_ram(c_xdevicefamily="zynq...]
Compiling architecture xilinx of entity xfft_v9_0_14.shift_ram [\shift_ram(c_xdevicefamily="zynq...]
Compiling architecture xilinx of entity xfft_v9_0_14.r22_pe [\r22_pe(c_xdevicefamily="zynq",m...]
Compiling architecture synth of entity xfft_v9_0_14.srl_fifo [\srl_fifo(c_width=1)\]
Compiling architecture xilinx of entity xfft_v9_0_14.r22_cnt_ctrl [\r22_cnt_ctrl(c_xdevicefamily="z...]
Compiling architecture xilinx of entity xfft_v9_0_14.r22_cnt_ctrl [\r22_cnt_ctrl(c_xdevicefamily="z...]
Compiling architecture xilinx of entity xfft_v9_0_14.shift_ram [\shift_ram(c_xdevicefamily="zynq...]
Compiling architecture xilinx of entity xfft_v9_0_14.shift_ram [\shift_ram(c_xdevicefamily="zynq...]
Compiling architecture xilinx of entity xfft_v9_0_14.r22_delay_mux [\r22_delay_mux(c_xdevicefamily="...]
Compiling architecture xilinx of entity xfft_v9_0_14.r22_delay_mux [\r22_delay_mux(c_xdevicefamily="...]
Compiling architecture xilinx of entity xfft_v9_0_14.shift_ram [\shift_ram(c_xdevicefamily="zynq...]
Compiling architecture xilinx of entity xfft_v9_0_14.shift_ram [\shift_ram(c_xdevicefamily="zynq...]
Compiling architecture struct of entity c_shift_ram_v12_0_11.c_shift_ram_v12_0_11_legacy [\c_shift_ram_v12_0_11_legacy(c_x...]
Compiling architecture synth of entity c_shift_ram_v12_0_11.c_shift_ram_v12_0_11_viv [\c_shift_ram_v12_0_11_viv(c_xdev...]
Compiling architecture synth of entity xfft_v9_0_14.r22_srl_memory [\r22_srl_memory(c_xdevicefamily=...]
Compiling architecture xilinx of entity xfft_v9_0_14.r22_memory [\r22_memory(c_xdevicefamily="zyn...]
Compiling architecture xilinx of entity xfft_v9_0_14.r22_bf [\r22_bf(c_xdevicefamily="zynq",c...]
Compiling architecture xilinx of entity xfft_v9_0_14.r22_delay_mux [\r22_delay_mux(c_xdevicefamily="...]
Compiling architecture xilinx of entity xfft_v9_0_14.r22_delay_mux [\r22_delay_mux(c_xdevicefamily="...]
Compiling architecture xilinx of entity xfft_v9_0_14.shift_ram [\shift_ram(c_xdevicefamily="zynq...]
Compiling architecture xilinx of entity xfft_v9_0_14.shift_ram [\shift_ram(c_xdevicefamily="zynq...]
Compiling architecture struct of entity c_shift_ram_v12_0_11.c_shift_ram_v12_0_11_legacy [\c_shift_ram_v12_0_11_legacy(c_x...]
Compiling architecture synth of entity c_shift_ram_v12_0_11.c_shift_ram_v12_0_11_viv [\c_shift_ram_v12_0_11_viv(c_xdev...]
Compiling architecture synth of entity xfft_v9_0_14.r22_srl_memory [\r22_srl_memory(c_xdevicefamily=...]
Compiling architecture xilinx of entity xfft_v9_0_14.r22_memory [\r22_memory(c_xdevicefamily="zyn...]
Compiling architecture xilinx of entity xfft_v9_0_14.r22_bf [\r22_bf(c_xdevicefamily="zynq",c...]
Compiling architecture structural of entity c_reg_fd_v12_0_4.c_reg_fd_v12_0_4_viv [\c_reg_fd_v12_0_4_viv(c_width=7,...]
Compiling architecture rtl of entity c_addsub_v12_0_11.c_addsub_v12_0_11_lut6_legacy [\c_addsub_v12_0_11_lut6_legacy(c...]
Compiling architecture synth of entity c_addsub_v12_0_11.c_addsub_v12_0_11_fabric_legacy [\c_addsub_v12_0_11_fabric_legacy...]
Compiling architecture synth of entity c_addsub_v12_0_11.c_addsub_v12_0_11_legacy [\c_addsub_v12_0_11_legacy(c_fami...]
Compiling architecture synth of entity c_addsub_v12_0_11.c_addsub_v12_0_11_viv [\c_addsub_v12_0_11_viv(c_xdevice...]
Compiling architecture xilinx of entity xfft_v9_0_14.adder [\adder(c_xdevicefamily="zynq",c_...]
Compiling architecture xilinx of entity xfft_v9_0_14.mux_bus4 [\mux_bus4(c_xdevicefamily="zynq"...]
Compiling architecture struct of entity c_shift_ram_v12_0_11.c_shift_ram_v12_0_11_legacy [\c_shift_ram_v12_0_11_legacy(c_x...]
Compiling architecture synth of entity c_shift_ram_v12_0_11.c_shift_ram_v12_0_11_viv [\c_shift_ram_v12_0_11_viv(c_xdev...]
Compiling architecture xilinx of entity xfft_v9_0_14.shift_ram [\shift_ram(c_xdevicefamily="zynq...]
Compiling architecture xilinx of entity xfft_v9_0_14.twgen_distmem [\twgen_distmem(theta_width=6,pip...]
Compiling architecture xilinx of entity xfft_v9_0_14.twiddle_gen [\twiddle_gen(c_xdevicefamily="zy...]
Compiling architecture xilinx of entity xfft_v9_0_14.r22_tw_gen [\r22_tw_gen(c_xdevicefamily="zyn...]
Compiling architecture xilinx of entity xfft_v9_0_14.shift_ram [\shift_ram(c_xdevicefamily="zynq...]
Compiling architecture xilinx of entity xfft_v9_0_14.shift_ram [\shift_ram(c_xdevicefamily="zynq...]
Compiling architecture xilinx of entity xfft_v9_0_14.r22_pe [\r22_pe(c_xdevicefamily="zynq",m...]
Compiling architecture xilinx of entity xfft_v9_0_14.r22_cnt_ctrl [\r22_cnt_ctrl(c_xdevicefamily="z...]
Compiling architecture xilinx of entity xfft_v9_0_14.r22_cnt_ctrl [\r22_cnt_ctrl(c_xdevicefamily="z...]
Compiling architecture struct of entity c_shift_ram_v12_0_11.c_shift_ram_v12_0_11_legacy [\c_shift_ram_v12_0_11_legacy(c_x...]
Compiling architecture synth of entity c_shift_ram_v12_0_11.c_shift_ram_v12_0_11_viv [\c_shift_ram_v12_0_11_viv(c_xdev...]
Compiling architecture xilinx of entity xfft_v9_0_14.shift_ram [\shift_ram(c_xdevicefamily="zynq...]
Compiling architecture struct of entity c_shift_ram_v12_0_11.c_shift_ram_v12_0_11_legacy [\c_shift_ram_v12_0_11_legacy(c_x...]
Compiling architecture synth of entity c_shift_ram_v12_0_11.c_shift_ram_v12_0_11_viv [\c_shift_ram_v12_0_11_viv(c_xdev...]
Compiling architecture xilinx of entity xfft_v9_0_14.shift_ram [\shift_ram(c_xdevicefamily="zynq...]
Compiling architecture struct of entity c_shift_ram_v12_0_11.c_shift_ram_v12_0_11_legacy [\c_shift_ram_v12_0_11_legacy(c_x...]
Compiling architecture synth of entity c_shift_ram_v12_0_11.c_shift_ram_v12_0_11_viv [\c_shift_ram_v12_0_11_viv(c_xdev...]
Compiling architecture xilinx of entity xfft_v9_0_14.shift_ram [\shift_ram(c_xdevicefamily="zynq...]
Compiling architecture struct of entity c_shift_ram_v12_0_11.c_shift_ram_v12_0_11_legacy [\c_shift_ram_v12_0_11_legacy(c_x...]
Compiling architecture synth of entity c_shift_ram_v12_0_11.c_shift_ram_v12_0_11_viv [\c_shift_ram_v12_0_11_viv(c_xdev...]
Compiling architecture xilinx of entity xfft_v9_0_14.shift_ram [\shift_ram(c_xdevicefamily="zynq...]
Compiling architecture struct of entity c_shift_ram_v12_0_11.c_shift_ram_v12_0_11_legacy [\c_shift_ram_v12_0_11_legacy(c_x...]
Compiling architecture synth of entity c_shift_ram_v12_0_11.c_shift_ram_v12_0_11_viv [\c_shift_ram_v12_0_11_viv(c_xdev...]
Compiling architecture xilinx of entity xfft_v9_0_14.shift_ram [\shift_ram(c_xdevicefamily="zynq...]
Compiling architecture struct of entity c_shift_ram_v12_0_11.c_shift_ram_v12_0_11_legacy [\c_shift_ram_v12_0_11_legacy(c_x...]
Compiling architecture synth of entity c_shift_ram_v12_0_11.c_shift_ram_v12_0_11_viv [\c_shift_ram_v12_0_11_viv(c_xdev...]
Compiling architecture xilinx of entity xfft_v9_0_14.shift_ram [\shift_ram(c_xdevicefamily="zynq...]
Compiling architecture struct of entity c_shift_ram_v12_0_11.c_shift_ram_v12_0_11_legacy [\c_shift_ram_v12_0_11_legacy(c_x...]
Compiling architecture synth of entity c_shift_ram_v12_0_11.c_shift_ram_v12_0_11_viv [\c_shift_ram_v12_0_11_viv(c_xdev...]
Compiling architecture xilinx of entity xfft_v9_0_14.shift_ram [\shift_ram(c_xdevicefamily="zynq...]
Compiling architecture structural of entity c_reg_fd_v12_0_4.c_reg_fd_v12_0_4_viv [\c_reg_fd_v12_0_4_viv(c_width=17...]
Compiling architecture rtl of entity c_addsub_v12_0_11.c_addsub_v12_0_11_lut6_legacy [\c_addsub_v12_0_11_lut6_legacy(c...]
Compiling architecture synth of entity c_addsub_v12_0_11.c_addsub_v12_0_11_fabric_legacy [\c_addsub_v12_0_11_fabric_legacy...]
Compiling architecture synth of entity c_addsub_v12_0_11.c_addsub_v12_0_11_legacy [\c_addsub_v12_0_11_legacy(c_fami...]
Compiling architecture synth of entity c_addsub_v12_0_11.c_addsub_v12_0_11_viv [\c_addsub_v12_0_11_viv(c_xdevice...]
Compiling architecture xilinx of entity xfft_v9_0_14.adder [\adder(c_xdevicefamily="zynq",c_...]
Compiling architecture xilinx of entity xfft_v9_0_14.shift_ram [\shift_ram(c_xdevicefamily="zynq...]
Compiling architecture xilinx of entity xfft_v9_0_14.mux_bus2 [\mux_bus2(c_xdevicefamily="zynq"...]
Compiling architecture xilinx of entity xfft_v9_0_14.shift_ram [\shift_ram(c_xdevicefamily="zynq...]
Compiling architecture xilinx of entity xfft_v9_0_14.r22_bf_sp [\r22_bf_sp(c_xdevicefamily="zynq...]
Compiling architecture rtl of entity c_addsub_v12_0_11.c_addsub_v12_0_11_lut6_legacy [\c_addsub_v12_0_11_lut6_legacy(c...]
Compiling architecture synth of entity c_addsub_v12_0_11.c_addsub_v12_0_11_fabric_legacy [\c_addsub_v12_0_11_fabric_legacy...]
Compiling architecture synth of entity c_addsub_v12_0_11.c_addsub_v12_0_11_legacy [\c_addsub_v12_0_11_legacy(c_fami...]
Compiling architecture synth of entity c_addsub_v12_0_11.c_addsub_v12_0_11_viv [\c_addsub_v12_0_11_viv(c_xdevice...]
Compiling architecture xilinx of entity xfft_v9_0_14.adder [\adder(c_xdevicefamily="zynq",c_...]
Compiling architecture xilinx of entity xfft_v9_0_14.shift_ram [\shift_ram(c_xdevicefamily="zynq...]
Compiling architecture struct of entity c_shift_ram_v12_0_11.c_shift_ram_v12_0_11_legacy [\c_shift_ram_v12_0_11_legacy(c_x...]
Compiling architecture synth of entity c_shift_ram_v12_0_11.c_shift_ram_v12_0_11_viv [\c_shift_ram_v12_0_11_viv(c_xdev...]
Compiling architecture xilinx of entity xfft_v9_0_14.shift_ram [\shift_ram(c_xdevicefamily="zynq...]
Compiling architecture xilinx of entity xfft_v9_0_14.shift_ram [\shift_ram(c_xdevicefamily="zynq...]
Compiling architecture xilinx of entity xfft_v9_0_14.r22_bf_sp [\r22_bf_sp(c_xdevicefamily="zynq...]
Compiling architecture struct of entity c_shift_ram_v12_0_11.c_shift_ram_v12_0_11_legacy [\c_shift_ram_v12_0_11_legacy(c_x...]
Compiling architecture synth of entity c_shift_ram_v12_0_11.c_shift_ram_v12_0_11_viv [\c_shift_ram_v12_0_11_viv(c_xdev...]
Compiling architecture xilinx of entity xfft_v9_0_14.shift_ram [\shift_ram(c_xdevicefamily="zynq...]
Compiling architecture struct of entity c_shift_ram_v12_0_11.c_shift_ram_v12_0_11_legacy [\c_shift_ram_v12_0_11_legacy(c_x...]
Compiling architecture synth of entity c_shift_ram_v12_0_11.c_shift_ram_v12_0_11_viv [\c_shift_ram_v12_0_11_viv(c_xdev...]
Compiling architecture xilinx of entity xfft_v9_0_14.shift_ram [\shift_ram(c_xdevicefamily="zynq...]
Compiling architecture structural of entity c_reg_fd_v12_0_4.c_reg_fd_v12_0_4_viv [\c_reg_fd_v12_0_4_viv(c_width=5,...]
Compiling architecture rtl of entity c_addsub_v12_0_11.c_addsub_v12_0_11_lut6_legacy [\c_addsub_v12_0_11_lut6_legacy(c...]
Compiling architecture synth of entity c_addsub_v12_0_11.c_addsub_v12_0_11_fabric_legacy [\c_addsub_v12_0_11_fabric_legacy...]
Compiling architecture synth of entity c_addsub_v12_0_11.c_addsub_v12_0_11_legacy [\c_addsub_v12_0_11_legacy(c_fami...]
Compiling architecture synth of entity c_addsub_v12_0_11.c_addsub_v12_0_11_viv [\c_addsub_v12_0_11_viv(c_xdevice...]
Compiling architecture xilinx of entity xfft_v9_0_14.adder [\adder(c_xdevicefamily="zynq",c_...]
Compiling architecture xilinx of entity xfft_v9_0_14.mux_bus4 [\mux_bus4(c_xdevicefamily="zynq"...]
Compiling architecture xilinx of entity xfft_v9_0_14.twgen_distmem [\twgen_distmem(theta_width=4,pip...]
Compiling architecture xilinx of entity xfft_v9_0_14.twiddle_gen [\twiddle_gen(c_xdevicefamily="zy...]
Compiling architecture xilinx of entity xfft_v9_0_14.r22_tw_gen [\r22_tw_gen(c_xdevicefamily="zyn...]
Compiling architecture struct of entity c_shift_ram_v12_0_11.c_shift_ram_v12_0_11_legacy [\c_shift_ram_v12_0_11_legacy(c_x...]
Compiling architecture synth of entity c_shift_ram_v12_0_11.c_shift_ram_v12_0_11_viv [\c_shift_ram_v12_0_11_viv(c_xdev...]
Compiling architecture xilinx of entity xfft_v9_0_14.shift_ram [\shift_ram(c_xdevicefamily="zynq...]
Compiling architecture xilinx of entity xfft_v9_0_14.shift_ram [\shift_ram(c_xdevicefamily="zynq...]
Compiling architecture xilinx of entity xfft_v9_0_14.r22_pe [\r22_pe(c_xdevicefamily="zynq",m...]
Compiling architecture xilinx of entity xfft_v9_0_14.r22_cnt_ctrl [\r22_cnt_ctrl(c_xdevicefamily="z...]
Compiling architecture xilinx of entity xfft_v9_0_14.r22_cnt_ctrl [\r22_cnt_ctrl(c_xdevicefamily="z...]
Compiling architecture struct of entity c_shift_ram_v12_0_11.c_shift_ram_v12_0_11_legacy [\c_shift_ram_v12_0_11_legacy(c_x...]
Compiling architecture synth of entity c_shift_ram_v12_0_11.c_shift_ram_v12_0_11_viv [\c_shift_ram_v12_0_11_viv(c_xdev...]
Compiling architecture xilinx of entity xfft_v9_0_14.shift_ram [\shift_ram(c_xdevicefamily="zynq...]
Compiling architecture struct of entity c_shift_ram_v12_0_11.c_shift_ram_v12_0_11_legacy [\c_shift_ram_v12_0_11_legacy(c_x...]
Compiling architecture synth of entity c_shift_ram_v12_0_11.c_shift_ram_v12_0_11_viv [\c_shift_ram_v12_0_11_viv(c_xdev...]
Compiling architecture xilinx of entity xfft_v9_0_14.shift_ram [\shift_ram(c_xdevicefamily="zynq...]
Compiling architecture struct of entity c_shift_ram_v12_0_11.c_shift_ram_v12_0_11_legacy [\c_shift_ram_v12_0_11_legacy(c_x...]
Compiling architecture synth of entity c_shift_ram_v12_0_11.c_shift_ram_v12_0_11_viv [\c_shift_ram_v12_0_11_viv(c_xdev...]
Compiling architecture xilinx of entity xfft_v9_0_14.shift_ram [\shift_ram(c_xdevicefamily="zynq...]
Compiling architecture struct of entity c_shift_ram_v12_0_11.c_shift_ram_v12_0_11_legacy [\c_shift_ram_v12_0_11_legacy(c_x...]
Compiling architecture synth of entity c_shift_ram_v12_0_11.c_shift_ram_v12_0_11_viv [\c_shift_ram_v12_0_11_viv(c_xdev...]
Compiling architecture xilinx of entity xfft_v9_0_14.shift_ram [\shift_ram(c_xdevicefamily="zynq...]
Compiling architecture struct of entity c_shift_ram_v12_0_11.c_shift_ram_v12_0_11_legacy [\c_shift_ram_v12_0_11_legacy(c_x...]
Compiling architecture synth of entity c_shift_ram_v12_0_11.c_shift_ram_v12_0_11_viv [\c_shift_ram_v12_0_11_viv(c_xdev...]
Compiling architecture xilinx of entity xfft_v9_0_14.shift_ram [\shift_ram(c_xdevicefamily="zynq...]
Compiling architecture struct of entity c_shift_ram_v12_0_11.c_shift_ram_v12_0_11_legacy [\c_shift_ram_v12_0_11_legacy(c_x...]
Compiling architecture synth of entity c_shift_ram_v12_0_11.c_shift_ram_v12_0_11_viv [\c_shift_ram_v12_0_11_viv(c_xdev...]
Compiling architecture xilinx of entity xfft_v9_0_14.shift_ram [\shift_ram(c_xdevicefamily="zynq...]
Compiling architecture struct of entity c_shift_ram_v12_0_11.c_shift_ram_v12_0_11_legacy [\c_shift_ram_v12_0_11_legacy(c_x...]
Compiling architecture synth of entity c_shift_ram_v12_0_11.c_shift_ram_v12_0_11_viv [\c_shift_ram_v12_0_11_viv(c_xdev...]
Compiling architecture xilinx of entity xfft_v9_0_14.shift_ram [\shift_ram(c_xdevicefamily="zynq...]
Compiling architecture xilinx of entity xfft_v9_0_14.shift_ram [\shift_ram(c_xdevicefamily="zynq...]
Compiling architecture xilinx of entity xfft_v9_0_14.r22_bf_sp [\r22_bf_sp(c_xdevicefamily="zynq...]
Compiling architecture xilinx of entity xfft_v9_0_14.shift_ram [\shift_ram(c_xdevicefamily="zynq...]
Compiling architecture xilinx of entity xfft_v9_0_14.r22_bf_sp [\r22_bf_sp(c_xdevicefamily="zynq...]
Compiling architecture xilinx of entity xfft_v9_0_14.shift_ram [\shift_ram(c_xdevicefamily="zynq...]
Compiling architecture struct of entity c_shift_ram_v12_0_11.c_shift_ram_v12_0_11_legacy [\c_shift_ram_v12_0_11_legacy(c_x...]
Compiling architecture synth of entity c_shift_ram_v12_0_11.c_shift_ram_v12_0_11_viv [\c_shift_ram_v12_0_11_viv(c_xdev...]
Compiling architecture xilinx of entity xfft_v9_0_14.shift_ram [\shift_ram(c_xdevicefamily="zynq...]
Compiling architecture structural of entity c_reg_fd_v12_0_4.c_reg_fd_v12_0_4_viv [\c_reg_fd_v12_0_4_viv(c_width=3,...]
Compiling architecture rtl of entity c_addsub_v12_0_11.c_addsub_v12_0_11_lut6_legacy [\c_addsub_v12_0_11_lut6_legacy(c...]
Compiling architecture synth of entity c_addsub_v12_0_11.c_addsub_v12_0_11_fabric_legacy [\c_addsub_v12_0_11_fabric_legacy...]
Compiling architecture synth of entity c_addsub_v12_0_11.c_addsub_v12_0_11_legacy [\c_addsub_v12_0_11_legacy(c_fami...]
Compiling architecture synth of entity c_addsub_v12_0_11.c_addsub_v12_0_11_viv [\c_addsub_v12_0_11_viv(c_xdevice...]
Compiling architecture xilinx of entity xfft_v9_0_14.adder [\adder(c_xdevicefamily="zynq",c_...]
Compiling architecture xilinx of entity xfft_v9_0_14.mux_bus4 [\mux_bus4(c_xdevicefamily="zynq"...]
Compiling architecture xilinx of entity xfft_v9_0_14.twgen_distmem [\twgen_distmem(theta_width=2,pip...]
Compiling architecture xilinx of entity xfft_v9_0_14.twiddle_gen [\twiddle_gen(c_xdevicefamily="zy...]
Compiling architecture xilinx of entity xfft_v9_0_14.r22_tw_gen [\r22_tw_gen(c_xdevicefamily="zyn...]
Compiling architecture xilinx of entity xfft_v9_0_14.shift_ram [\shift_ram(c_xdevicefamily="zynq...]
Compiling architecture xilinx of entity xfft_v9_0_14.shift_ram [\shift_ram(c_xdevicefamily="zynq...]
Compiling architecture xilinx of entity xfft_v9_0_14.r22_pe [\r22_pe(c_xdevicefamily="zynq",m...]
Compiling architecture xilinx of entity xfft_v9_0_14.shift_ram [\shift_ram(c_xdevicefamily="zynq...]
Compiling architecture xilinx of entity xfft_v9_0_14.shift_ram [\shift_ram(c_xdevicefamily="zynq...]
Compiling architecture xilinx of entity xfft_v9_0_14.shift_ram [\shift_ram(c_xdevicefamily="zynq...]
Compiling architecture xilinx of entity xfft_v9_0_14.shift_ram [\shift_ram(c_xdevicefamily="zynq...]
Compiling architecture xilinx of entity xfft_v9_0_14.shift_ram [\shift_ram(c_xdevicefamily="zynq...]
Compiling architecture xilinx of entity xfft_v9_0_14.shift_ram [\shift_ram(c_xdevicefamily="zynq...]
Compiling architecture xilinx of entity xfft_v9_0_14.r22_bf_sp [\r22_bf_sp(c_xdevicefamily="zynq...]
Compiling architecture xilinx of entity xfft_v9_0_14.arith_shift1 [\arith_shift1(c_xdevicefamily="z...]
Compiling architecture xilinx of entity xfft_v9_0_14.shift_ram [\shift_ram(c_xdevicefamily="zynq...]
Compiling architecture xilinx of entity xfft_v9_0_14.shift_ram [\shift_ram(c_xdevicefamily="zynq...]
Compiling architecture xilinx of entity xfft_v9_0_14.shift_ram [\shift_ram(c_xdevicefamily="zynq...]
Compiling architecture xilinx of entity xfft_v9_0_14.r22_pe [\r22_pe(c_xdevicefamily="zynq",m...]
Compiling architecture xilinx of entity xfft_v9_0_14.shift_ram [\shift_ram(c_xdevicefamily="zynq...]
Compiling architecture xilinx of entity xfft_v9_0_14.shift_ram [\shift_ram(c_xdevicefamily="zynq...]
Compiling architecture xilinx of entity xfft_v9_0_14.r22_busy [\r22_busy(c_xdevicefamily="zynq"...]
Compiling architecture xilinx of entity xfft_v9_0_14.shift_ram [\shift_ram(c_xdevicefamily="zynq...]
Compiling architecture fdre_v of entity unisim.FDRE [fdre_default]
Compiling architecture muxcy_v of entity unisim.MUXCY [muxcy_default]
Compiling architecture xorcy_v of entity unisim.XORCY [xorcy_default]
Compiling architecture rtl of entity c_addsub_v12_0_11.c_addsub_v12_0_11_lut6_legacy [\c_addsub_v12_0_11_lut6_legacy(c...]
Compiling architecture synth of entity c_addsub_v12_0_11.c_addsub_v12_0_11_fabric_legacy [\c_addsub_v12_0_11_fabric_legacy...]
Compiling architecture synth of entity c_addsub_v12_0_11.c_addsub_v12_0_11_legacy [\c_addsub_v12_0_11_legacy(c_fami...]
Compiling architecture synth of entity c_addsub_v12_0_11.c_addsub_v12_0_11_viv [\c_addsub_v12_0_11_viv(c_xdevice...]
Compiling architecture xilinx of entity xfft_v9_0_14.logic_gate [\logic_gate(c_xdevicefamily="zyn...]
Compiling architecture fdse_v of entity unisim.FDSE [fdse_default]
Compiling architecture xilinx of entity xfft_v9_0_14.cnt_sat [\cnt_sat(c_xdevicefamily="zynq",...]
Compiling architecture rtl of entity c_addsub_v12_0_11.c_addsub_v12_0_11_lut6_legacy [\c_addsub_v12_0_11_lut6_legacy(c...]
Compiling architecture synth of entity c_addsub_v12_0_11.c_addsub_v12_0_11_fabric_legacy [\c_addsub_v12_0_11_fabric_legacy...]
Compiling architecture synth of entity c_addsub_v12_0_11.c_addsub_v12_0_11_legacy [\c_addsub_v12_0_11_legacy(c_fami...]
Compiling architecture synth of entity c_addsub_v12_0_11.c_addsub_v12_0_11_viv [\c_addsub_v12_0_11_viv(c_xdevice...]
Compiling architecture xilinx of entity xfft_v9_0_14.logic_gate [\logic_gate(c_xdevicefamily="zyn...]
Compiling architecture xilinx of entity xfft_v9_0_14.cnt_sat [\cnt_sat(c_xdevicefamily="zynq",...]
Compiling architecture rtl of entity c_addsub_v12_0_11.c_addsub_v12_0_11_lut6_legacy [\c_addsub_v12_0_11_lut6_legacy(c...]
Compiling architecture synth of entity c_addsub_v12_0_11.c_addsub_v12_0_11_fabric_legacy [\c_addsub_v12_0_11_fabric_legacy...]
Compiling architecture synth of entity c_addsub_v12_0_11.c_addsub_v12_0_11_legacy [\c_addsub_v12_0_11_legacy(c_fami...]
Compiling architecture synth of entity c_addsub_v12_0_11.c_addsub_v12_0_11_viv [\c_addsub_v12_0_11_viv(c_xdevice...]
Compiling architecture xilinx of entity xfft_v9_0_14.logic_gate [\logic_gate(c_xdevicefamily="zyn...]
Compiling architecture xilinx of entity xfft_v9_0_14.cnt_sat [\cnt_sat(c_xdevicefamily="zynq",...]
Compiling architecture xilinx of entity xfft_v9_0_14.logic_gate [\logic_gate(c_xdevicefamily="zyn...]
Compiling architecture xilinx of entity xfft_v9_0_14.cnt_sat [\cnt_sat(c_xdevicefamily="zynq",...]
Compiling architecture rtl of entity c_addsub_v12_0_11.c_addsub_v12_0_11_lut6_legacy [\c_addsub_v12_0_11_lut6_legacy(c...]
Compiling architecture synth of entity c_addsub_v12_0_11.c_addsub_v12_0_11_fabric_legacy [\c_addsub_v12_0_11_fabric_legacy...]
Compiling architecture synth of entity c_addsub_v12_0_11.c_addsub_v12_0_11_legacy [\c_addsub_v12_0_11_legacy(c_fami...]
Compiling architecture synth of entity c_addsub_v12_0_11.c_addsub_v12_0_11_viv [\c_addsub_v12_0_11_viv(c_xdevice...]
Compiling architecture xilinx of entity xfft_v9_0_14.logic_gate [\logic_gate(c_xdevicefamily="zyn...]
Compiling architecture xilinx of entity xfft_v9_0_14.cnt_sat [\cnt_sat(c_xdevicefamily="zynq",...]
Compiling architecture rtl of entity c_addsub_v12_0_11.c_addsub_v12_0_11_lut6_legacy [\c_addsub_v12_0_11_lut6_legacy(c...]
Compiling architecture synth of entity c_addsub_v12_0_11.c_addsub_v12_0_11_fabric_legacy [\c_addsub_v12_0_11_fabric_legacy...]
Compiling architecture synth of entity c_addsub_v12_0_11.c_addsub_v12_0_11_legacy [\c_addsub_v12_0_11_legacy(c_fami...]
Compiling architecture synth of entity c_addsub_v12_0_11.c_addsub_v12_0_11_viv [\c_addsub_v12_0_11_viv(c_xdevice...]
Compiling architecture xilinx of entity xfft_v9_0_14.logic_gate [\logic_gate(c_xdevicefamily="zyn...]
Compiling architecture xilinx of entity xfft_v9_0_14.cnt_sat [\cnt_sat(c_xdevicefamily="zynq",...]
Compiling architecture structural of entity c_reg_fd_v12_0_4.c_reg_fd_v12_0_4_viv [\c_reg_fd_v12_0_4_viv(c_width=9,...]
Compiling architecture rtl of entity c_addsub_v12_0_11.c_addsub_v12_0_11_lut6_legacy [\c_addsub_v12_0_11_lut6_legacy(c...]
Compiling architecture synth of entity c_addsub_v12_0_11.c_addsub_v12_0_11_fabric_legacy [\c_addsub_v12_0_11_fabric_legacy...]
Compiling architecture synth of entity c_addsub_v12_0_11.c_addsub_v12_0_11_legacy [\c_addsub_v12_0_11_legacy(c_fami...]
Compiling architecture synth of entity c_addsub_v12_0_11.c_addsub_v12_0_11_viv [\c_addsub_v12_0_11_viv(c_xdevice...]
Compiling architecture lut6_v of entity unisim.LUT6 [\LUT6(init="10010000000010010000...]
Compiling architecture xilinx of entity xfft_v9_0_14.equ_rtl [\equ_rtl(c_xdevicefamily="zynq",...]
Compiling architecture xilinx of entity xfft_v9_0_14.cnt_tc_rtl_a [\cnt_tc_rtl_a(c_xdevicefamily="z...]
Compiling architecture struct of entity c_shift_ram_v12_0_11.c_shift_ram_v12_0_11_legacy [\c_shift_ram_v12_0_11_legacy(c_x...]
Compiling architecture synth of entity c_shift_ram_v12_0_11.c_shift_ram_v12_0_11_viv [\c_shift_ram_v12_0_11_viv(c_xdev...]
Compiling architecture xilinx of entity xfft_v9_0_14.shift_ram [\shift_ram(c_xdevicefamily="zynq...]
Compiling architecture xilinx of entity xfft_v9_0_14.r22_flow_ctrl [\r22_flow_ctrl(c_xdevicefamily="...]
Compiling architecture lut3_v of entity unisim.LUT3 [\LUT3(init="10101110")(0,7)\]
Compiling architecture xilinx of entity xfft_v9_0_14.r22_cnt_ctrl [\r22_cnt_ctrl(c_xdevicefamily="z...]
Compiling architecture srl16e_v of entity unisim.SRL16E [\SRL16E(0,15)\]
Compiling architecture xilinx of entity xfft_v9_0_14.shift_ram [\shift_ram(c_xdevicefamily="zynq...]
Compiling architecture fdr_v of entity unisim.FDR [fdr_default]
Compiling architecture xilinx of entity xfft_v9_0_14.shift_ram [\shift_ram(c_xdevicefamily="zynq...]
Compiling architecture xilinx of entity xfft_v9_0_14.shift_ram [\shift_ram(c_xdevicefamily="zynq...]
Compiling architecture xilinx of entity xfft_v9_0_14.xfft_v9_0_14_d [\xfft_v9_0_14_d(c_xdevicefamily=...]
Compiling architecture synth of entity xfft_v9_0_14.xfft_v9_0_14_core [\xfft_v9_0_14_core(c_xdevicefami...]
Compiling architecture synth of entity xfft_v9_0_14.xfft_v9_0_14_viv [\xfft_v9_0_14_viv(c_xdevicefamil...]
Compiling architecture xilinx of entity xfft_v9_0_14.xfft_v9_0_14 [\xfft_v9_0_14(c_xdevicefamily="z...]
Compiling architecture realfft_xfft_0_0_arch of entity xil_defaultlib.RealFFT_xfft_0_0 [realfft_xfft_0_0_default]
Compiling module xlconstant_v1_1_3.xlconstant_v1_1_3_xlconstant(CON...
Compiling module xil_defaultlib.RealFFT_xlconstant_0_0
Compiling module xil_defaultlib.RealFFT
Compiling module xil_defaultlib.RealFFT_wrapper
Compiling module xil_defaultlib.realfft_rtl_tb
Compiling module xil_defaultlib.glbl
Built simulation snapshot realfft_rtl_tb_behav
