INFO: [XSIM 43-3496] Using init file passed via -initfile option "/opt/Xilinx/Vivado/2017.4/data/xsim/ip/xsim_ip.ini".
Vivado Simulator 2017.4
Copyright 1986-1999, 2001-2016 Xilinx, Inc. All Rights Reserved.
Running: /opt/Xilinx/Vivado/2017.4/bin/unwrapped/lnx64.o/xelab xil_defaultlib.apatb_hls_macc_top glbl -prj hls_macc.prj -L smartconnect_v1_0 -L axi_protocol_checker_v1_1_12 -L axi_protocol_checker_v1_1_13 -L axis_protocol_checker_v1_1_11 -L axis_protocol_checker_v1_1_12 -L xil_defaultlib -L unisims_ver --initfile /opt/Xilinx/Vivado/2017.4/data/xsim/ip/xsim_ip.ini --lib ieee_proposed=./ieee_proposed -s hls_macc 
Multi-threading is on. Using 2 slave threads.
INFO: [VRFC 10-2263] Analyzing SystemVerilog file "/home/puya/Projects/FPGA/Xilinx/HLS/Vivado_HLS_Tutorial/Using_IP_with_Zynq/lab1/hls_macc/vhls_prj/solution1/sim/verilog/glbl.v" into library work
INFO: [VRFC 10-311] analyzing module glbl
INFO: [VRFC 10-2263] Analyzing SystemVerilog file "/home/puya/Projects/FPGA/Xilinx/HLS/Vivado_HLS_Tutorial/Using_IP_with_Zynq/lab1/hls_macc/vhls_prj/solution1/sim/verilog/hls_macc_mul_32s_bkb.v" into library xil_defaultlib
INFO: [VRFC 10-311] analyzing module hls_macc_mul_32s_bkb_MulnS_0
INFO: [VRFC 10-311] analyzing module hls_macc_mul_32s_bkb
INFO: [VRFC 10-2263] Analyzing SystemVerilog file "/home/puya/Projects/FPGA/Xilinx/HLS/Vivado_HLS_Tutorial/Using_IP_with_Zynq/lab1/hls_macc/vhls_prj/solution1/sim/verilog/hls_macc.v" into library xil_defaultlib
INFO: [VRFC 10-311] analyzing module hls_macc
INFO: [VRFC 10-2263] Analyzing SystemVerilog file "/home/puya/Projects/FPGA/Xilinx/HLS/Vivado_HLS_Tutorial/Using_IP_with_Zynq/lab1/hls_macc/vhls_prj/solution1/sim/verilog/hls_macc.autotb.v" into library xil_defaultlib
INFO: [VRFC 10-311] analyzing module apatb_hls_macc_top
Starting static elaboration
Completed static elaboration
Starting simulation data flow analysis
Completed simulation data flow analysis
Time Resolution for simulation is 1ps
Compiling module xil_defaultlib.hls_macc_mul_32s_bkb_MulnS_0
Compiling module xil_defaultlib.hls_macc_mul_32s_bkb(ID=1,NUM_ST...
Compiling module xil_defaultlib.hls_macc
Compiling module xil_defaultlib.apatb_hls_macc_top
Compiling module work.glbl
Built simulation snapshot hls_macc
