   Build using ""
   Compiling apatb_fir.cpp
   Compiling (apcc) fir.c_pre.c.tb.c
INFO: [HLS 200-10] Running '/opt/Xilinx/Vivado/2017.4/bin/unwrapped/lnx64.o/apcc'
INFO: [HLS 200-10] For user 'puya' on host 'puyaa.puyaa' (Linux_x86_64 version 4.9.0-8-amd64) on Tue Jan 01 21:08:56 CET 2019
INFO: [HLS 200-10] On os Debian GNU/Linux 9.6 (stretch)
INFO: [HLS 200-10] In directory '/home/puya/Projects/FPGA/Xilinx/HLS/Vivado_HLS_Tutorial/Introduction/lab1/fir_prj/solution1/sim/wrapc'
clang: warning: argument unused during compilation: '-fno-builtin-isinf'
clang: warning: argument unused during compilation: '-fno-builtin-isnan'
INFO: [APCC 202-3] Tmp directory is /tmp/apcc_db_puya/240921546373336858125
INFO: [APCC 202-1] APCC is done.
   Compiling (apcc) fir_test.c_pre.c.tb.c
INFO: [HLS 200-10] Running '/opt/Xilinx/Vivado/2017.4/bin/unwrapped/lnx64.o/apcc'
INFO: [HLS 200-10] For user 'puya' on host 'puyaa.puyaa' (Linux_x86_64 version 4.9.0-8-amd64) on Tue Jan 01 21:09:01 CET 2019
INFO: [HLS 200-10] On os Debian GNU/Linux 9.6 (stretch)
INFO: [HLS 200-10] In directory '/home/puya/Projects/FPGA/Xilinx/HLS/Vivado_HLS_Tutorial/Introduction/lab1/fir_prj/solution1/sim/wrapc'
clang: warning: argument unused during compilation: '-fno-builtin-isinf'
clang: warning: argument unused during compilation: '-fno-builtin-isnan'
INFO: [APCC 202-3] Tmp directory is /tmp/apcc_db_puya/241501546373341572303
INFO: [APCC 202-1] APCC is done.
   Generating cosim.tv.exe
