Copyright 1986-2017 Xilinx, Inc. All Rights Reserved.
------------------------------------------------------------------------------------
| Tool Version : Vivado v.2017.4 (lin64) Build 2086221 Fri Dec 15 20:54:30 MST 2017
| Date         : Sat Jan  5 23:55:08 2019
| Host         : puyaa running 64-bit Debian GNU/Linux 9.6 (stretch)
| Command      : upgrade_ip
| Device       : xc7z020clg484-1
------------------------------------------------------------------------------------

Upgrade Log for IP 'Zynq_RealFFT_hls_xfft2real_0_0'

1. Summary
----------

SUCCESS in the conversion of Zynq_RealFFT_hls_xfft2real_0_0 (xilinx.com:hls:hls_xfft2real:1.0 (Rev. 1901050155)) to Vivado generation flows.






Copyright 1986-2017 Xilinx, Inc. All Rights Reserved.
------------------------------------------------------------------------------------
| Tool Version : Vivado v.2017.4 (lin64) Build 2086221 Fri Dec 15 20:54:30 MST 2017
| Date         : Sat Jan  5 23:55:06 2019
| Host         : puyaa running 64-bit Debian GNU/Linux 9.6 (stretch)
| Command      : upgrade_ip
| Device       : xc7z020clg484-1
------------------------------------------------------------------------------------

Upgrade Log for IP 'Zynq_RealFFT_hls_real2xfft_0_0'

1. Summary
----------

SUCCESS in the conversion of Zynq_RealFFT_hls_real2xfft_0_0 (xilinx.com:hls:hls_real2xfft:1.0 (Rev. 1901050151)) to Vivado generation flows.

