INFO: [VRFC 10-2263] Analyzing Verilog file "/home/puya/Projects/FPGA/Xilinx/HLS/Vivado_HLS_Tutorial/Using_IP_with_Zynq/lab1/project_1/project_1.ip_user_files/bd/Zynq_Design/ip/Zynq_Design_processing_system7_0_0/sim/Zynq_Design_processing_system7_0_0.v" into library xil_defaultlib
INFO: [VRFC 10-311] analyzing module Zynq_Design_processing_system7_0_0
INFO: [VRFC 10-2263] Analyzing Verilog file "/home/puya/Projects/FPGA/Xilinx/HLS/Vivado_HLS_Tutorial/Using_IP_with_Zynq/lab1/project_1/project_1.srcs/sources_1/bd/Zynq_Design/ipshared/ac1f/hdl/verilog/hls_macc_mul_32s_bkb.v" into library xil_defaultlib
INFO: [VRFC 10-311] analyzing module hls_macc_mul_32s_bkb_MulnS_0
INFO: [VRFC 10-311] analyzing module hls_macc_mul_32s_bkb
INFO: [VRFC 10-2263] Analyzing Verilog file "/home/puya/Projects/FPGA/Xilinx/HLS/Vivado_HLS_Tutorial/Using_IP_with_Zynq/lab1/project_1/project_1.srcs/sources_1/bd/Zynq_Design/ipshared/ac1f/hdl/verilog/hls_macc.v" into library xil_defaultlib
INFO: [VRFC 10-311] analyzing module hls_macc
INFO: [VRFC 10-2263] Analyzing Verilog file "/home/puya/Projects/FPGA/Xilinx/HLS/Vivado_HLS_Tutorial/Using_IP_with_Zynq/lab1/project_1/project_1.srcs/sources_1/bd/Zynq_Design/ipshared/ac1f/hdl/verilog/hls_macc_top.v" into library xil_defaultlib
INFO: [VRFC 10-311] analyzing module hls_macc_top
INFO: [VRFC 10-2263] Analyzing Verilog file "/home/puya/Projects/FPGA/Xilinx/HLS/Vivado_HLS_Tutorial/Using_IP_with_Zynq/lab1/project_1/project_1.srcs/sources_1/bd/Zynq_Design/ipshared/ac1f/hdl/verilog/hls_macc_HLS_MACC_PERIPH_BUS_if.v" into library xil_defaultlib
INFO: [VRFC 10-311] analyzing module hls_macc_HLS_MACC_PERIPH_BUS_if
INFO: [VRFC 10-2263] Analyzing Verilog file "/home/puya/Projects/FPGA/Xilinx/HLS/Vivado_HLS_Tutorial/Using_IP_with_Zynq/lab1/project_1/project_1.srcs/sources_1/bd/Zynq_Design/ipshared/ac1f/hdl/verilog/hls_macc_ap_rst_if.v" into library xil_defaultlib
INFO: [VRFC 10-311] analyzing module hls_macc_ap_rst_if
INFO: [VRFC 10-2263] Analyzing Verilog file "/home/puya/Projects/FPGA/Xilinx/HLS/Vivado_HLS_Tutorial/Using_IP_with_Zynq/lab1/project_1/project_1.ip_user_files/bd/Zynq_Design/ip/Zynq_Design_hls_macc_0_0/sim/Zynq_Design_hls_macc_0_0.v" into library xil_defaultlib
INFO: [VRFC 10-311] analyzing module Zynq_Design_hls_macc_0_0
INFO: [VRFC 10-2263] Analyzing Verilog file "/home/puya/Projects/FPGA/Xilinx/HLS/Vivado_HLS_Tutorial/Using_IP_with_Zynq/lab1/project_1/project_1.ip_user_files/bd/Zynq_Design/ip/Zynq_Design_auto_pc_0/sim/Zynq_Design_auto_pc_0.v" into library xil_defaultlib
INFO: [VRFC 10-311] analyzing module Zynq_Design_auto_pc_0
INFO: [VRFC 10-2263] Analyzing Verilog file "/home/puya/Projects/FPGA/Xilinx/HLS/Vivado_HLS_Tutorial/Using_IP_with_Zynq/lab1/project_1/project_1.ip_user_files/bd/Zynq_Design/sim/Zynq_Design.v" into library xil_defaultlib
INFO: [VRFC 10-311] analyzing module Zynq_Design
INFO: [VRFC 10-311] analyzing module Zynq_Design_ps7_0_axi_periph_0
INFO: [VRFC 10-311] analyzing module s00_couplers_imp_SE6JTP
INFO: [VRFC 10-2263] Analyzing Verilog file "/home/puya/Projects/FPGA/Xilinx/HLS/Vivado_HLS_Tutorial/Using_IP_with_Zynq/lab1/project_1/project_1.srcs/sources_1/bd/Zynq_Design/hdl/Zynq_Design_wrapper.v" into library xil_defaultlib
INFO: [VRFC 10-311] analyzing module Zynq_Design_wrapper
INFO: [VRFC 10-2263] Analyzing Verilog file "/home/puya/Projects/FPGA/Xilinx/HLS/Vivado_HLS_Tutorial/Using_IP_with_Zynq/lab1/project_1/project_1.sim/sim_1/behav/xsim/glbl.v" into library xil_defaultlib
INFO: [VRFC 10-311] analyzing module glbl
INFO: [VRFC 10-163] Analyzing VHDL file "/home/puya/Projects/FPGA/Xilinx/HLS/Vivado_HLS_Tutorial/Using_IP_with_Zynq/lab1/project_1/project_1.ip_user_files/bd/Zynq_Design/ip/Zynq_Design_rst_ps7_0_50M_0/sim/Zynq_Design_rst_ps7_0_50M_0.vhd" into library xil_defaultlib
INFO: [VRFC 10-307] analyzing entity Zynq_Design_rst_ps7_0_50M_0
