

================================================================
== Vivado HLS Report for 'hls_macc'
================================================================
* Date:           Fri Jan  4 15:47:19 2019

* Version:        2017.4 (Build 2086221 on Fri Dec 15 21:13:33 MST 2017)
* Project:        vhls_prj
* Solution:       solution1
* Product family: zynq
* Target device:  xc7z020clg484-1


================================================================
== Performance Estimates
================================================================
+ Timing (ns): 
    * Summary: 
    +--------+-------+----------+------------+
    |  Clock | Target| Estimated| Uncertainty|
    +--------+-------+----------+------------+
    |ap_clk  |   4.00|      2.55|        0.50|
    +--------+-------+----------+------------+

+ Latency (clock cycles): 
    * Summary: 
    +-----+-----+-----+-----+---------+
    |  Latency  |  Interval | Pipeline|
    | min | max | min | max |   Type  |
    +-----+-----+-----+-----+---------+
    |    7|    7|    7|    7|   none  |
    +-----+-----+-----+-----+---------+

    + Detail: 
        * Instance: 
        N/A

        * Loop: 
        N/A



================================================================
== Utilization Estimates
================================================================
* Summary: 
+-----------------+---------+-------+--------+-------+
|       Name      | BRAM_18K| DSP48E|   FF   |  LUT  |
+-----------------+---------+-------+--------+-------+
|DSP              |        -|      -|       -|      -|
|Expression       |        -|      -|       0|     71|
|FIFO             |        -|      -|       -|      -|
|Instance         |        -|      4|     247|     19|
|Memory           |        -|      -|       -|      -|
|Multiplexer      |        -|      -|       -|     44|
|Register         |        -|      -|      72|      -|
+-----------------+---------+-------+--------+-------+
|Total            |        0|      4|     319|    134|
+-----------------+---------+-------+--------+-------+
|Available        |      280|    220|  106400|  53200|
+-----------------+---------+-------+--------+-------+
|Utilization (%)  |        0|      1|   ~0   |   ~0  |
+-----------------+---------+-------+--------+-------+

+ Detail: 
    * Instance: 
    +-------------------------+----------------------+---------+-------+-----+----+
    |         Instance        |        Module        | BRAM_18K| DSP48E|  FF | LUT|
    +-------------------------+----------------------+---------+-------+-----+----+
    |hls_macc_mul_32s_bkb_U1  |hls_macc_mul_32s_bkb  |        0|      4|  247|  19|
    +-------------------------+----------------------+---------+-------+-----+----+
    |Total                    |                      |        0|      4|  247|  19|
    +-------------------------+----------------------+---------+-------+-----+----+

    * DSP48: 
    N/A

    * Memory: 
    N/A

    * FIFO: 
    N/A

    * Expression: 
    +-------------------------+----------+-------+---+----+------------+------------+
    |      Variable Name      | Operation| DSP48E| FF| LUT| Bitwidth P0| Bitwidth P1|
    +-------------------------+----------+-------+---+----+------------+------------+
    |accum                    |     +    |      0|  0|  39|          32|          32|
    |p_acc_reg_load_fu_69_p3  |  select  |      0|  0|  32|           1|           1|
    +-------------------------+----------+-------+---+----+------------+------------+
    |Total                    |          |      0|  0|  71|          33|          33|
    +-------------------------+----------+-------+---+----+------------+------------+

    * Multiplexer: 
    +-----------+----+-----------+-----+-----------+
    |    Name   | LUT| Input Size| Bits| Total Bits|
    +-----------+----+-----------+-----+-----------+
    |ap_NS_fsm  |  44|          9|    1|          9|
    +-----------+----+-----------+-----+-----------+
    |Total      |  44|          9|    1|          9|
    +-----------+----+-----------+-----+-----------+

    * Register: 
    +--------------+----+----+-----+-----------+
    |     Name     | FF | LUT| Bits| Const Bits|
    +--------------+----+----+-----+-----------+
    |acc_reg       |  32|   0|   32|          0|
    |ap_CS_fsm     |   8|   0|    8|          0|
    |tmp_1_reg_99  |  32|   0|   32|          0|
    +--------------+----+----+-----+-----------+
    |Total         |  72|   0|   72|          0|
    +--------------+----+----+-----+-----------+



================================================================
== Interface
================================================================
* Summary: 
+--------------+-----+-----+------------+--------------+--------------+
|   RTL Ports  | Dir | Bits|  Protocol  | Source Object|    C Type    |
+--------------+-----+-----+------------+--------------+--------------+
|ap_clk        |  in |    1| ap_ctrl_hs |   hls_macc   | return value |
|ap_rst        |  in |    1| ap_ctrl_hs |   hls_macc   | return value |
|ap_start      |  in |    1| ap_ctrl_hs |   hls_macc   | return value |
|ap_done       | out |    1| ap_ctrl_hs |   hls_macc   | return value |
|ap_idle       | out |    1| ap_ctrl_hs |   hls_macc   | return value |
|ap_ready      | out |    1| ap_ctrl_hs |   hls_macc   | return value |
|a             |  in |   32|   ap_none  |       a      |    scalar    |
|b             |  in |   32|   ap_none  |       b      |    scalar    |
|accum         | out |   32|   ap_vld   |     accum    |    pointer   |
|accum_ap_vld  | out |    1|   ap_vld   |     accum    |    pointer   |
|accum_clr     |  in |    1|   ap_none  |   accum_clr  |    scalar    |
+--------------+-----+-----+------------+--------------+--------------+

