#-----------------------------------------------------------
# Vivado v2017.4 (64-bit)
# SW Build 2086221 on Fri Dec 15 20:54:30 MST 2017
# IP Build 2085800 on Fri Dec 15 22:25:07 MST 2017
# Start of session at: Sat Jan  5 02:37:29 2019
# Process ID: 4698
# Current directory: /home/puya/Projects/FPGA/Xilinx/HLS/Vivado_HLS_Tutorial/Using_IP_with_Zynq/lab2
# Command line: vivado
# Log file: /home/puya/Projects/FPGA/Xilinx/HLS/Vivado_HLS_Tutorial/Using_IP_with_Zynq/lab2/vivado.log
# Journal file: /home/puya/Projects/FPGA/Xilinx/HLS/Vivado_HLS_Tutorial/Using_IP_with_Zynq/lab2/vivado.jou
#-----------------------------------------------------------
start_gui
create_project project_1 /home/puya/Projects/FPGA/Xilinx/HLS/Vivado_HLS_Tutorial/Using_IP_with_Zynq/lab2/project_1 -part xc7z020clg484-1
INFO: [IP_Flow 19-234] Refreshing IP repositories
INFO: [IP_Flow 19-1704] No user IP repositories specified
INFO: [IP_Flow 19-2313] Loaded Vivado IP repository '/opt/Xilinx/Vivado/2017.4/data/ip'.
create_project: Time (s): cpu = 00:00:13 ; elapsed = 00:00:06 . Memory (MB): peak = 6056.328 ; gain = 48.031 ; free physical = 436 ; free virtual = 6253
set_property board_part xilinx.com:zc702:part0:1.3 [current_project]
set_property  ip_repo_paths  /home/puya/Projects/FPGA/Xilinx/HLS/Vivado_HLS_Tutorial/Using_IP_with_Zynq/lab2/vivado_ip_repo [current_project]
update_ip_catalog
INFO: [IP_Flow 19-234] Refreshing IP repositories
INFO: [IP_Flow 19-1700] Loaded user IP repository '/home/puya/Projects/FPGA/Xilinx/HLS/Vivado_HLS_Tutorial/Using_IP_with_Zynq/lab2/vivado_ip_repo'.
update_ip_catalog -add_ip /home/puya/Projects/FPGA/Xilinx/HLS/Vivado_HLS_Tutorial/Using_IP_with_Zynq/lab2/hls_designs/be_vhls_prj/IPXACTExport/impl/ip/xilinx_com_hls_hls_xfft2real_1_0.zip -repo_path /home/puya/Projects/FPGA/Xilinx/HLS/Vivado_HLS_Tutorial/Using_IP_with_Zynq/lab2/vivado_ip_repo
INFO: [IP_Flow 19-949] Unzipped '/home/puya/Projects/FPGA/Xilinx/HLS/Vivado_HLS_Tutorial/Using_IP_with_Zynq/lab2/hls_designs/be_vhls_prj/IPXACTExport/impl/ip/xilinx_com_hls_hls_xfft2real_1_0.zip' into repository '/home/puya/Projects/FPGA/Xilinx/HLS/Vivado_HLS_Tutorial/Using_IP_with_Zynq/lab2/vivado_ip_repo'.
INFO: [IP_Flow 19-725] Reloaded user IP repository '/home/puya/Projects/FPGA/Xilinx/HLS/Vivado_HLS_Tutorial/Using_IP_with_Zynq/lab2/vivado_ip_repo'
update_ip_catalog -add_ip /home/puya/Projects/FPGA/Xilinx/HLS/Vivado_HLS_Tutorial/Using_IP_with_Zynq/lab2/hls_designs/fe_vhls_prj/IPXACTExport/impl/ip/xilinx_com_hls_hls_real2xfft_1_0.zip -repo_path /home/puya/Projects/FPGA/Xilinx/HLS/Vivado_HLS_Tutorial/Using_IP_with_Zynq/lab2/vivado_ip_repo
INFO: [IP_Flow 19-949] Unzipped '/home/puya/Projects/FPGA/Xilinx/HLS/Vivado_HLS_Tutorial/Using_IP_with_Zynq/lab2/hls_designs/fe_vhls_prj/IPXACTExport/impl/ip/xilinx_com_hls_hls_real2xfft_1_0.zip' into repository '/home/puya/Projects/FPGA/Xilinx/HLS/Vivado_HLS_Tutorial/Using_IP_with_Zynq/lab2/vivado_ip_repo'.
INFO: [IP_Flow 19-725] Reloaded user IP repository '/home/puya/Projects/FPGA/Xilinx/HLS/Vivado_HLS_Tutorial/Using_IP_with_Zynq/lab2/vivado_ip_repo'
create_bd_design "Zynq_RealFFT"
Wrote  : </home/puya/Projects/FPGA/Xilinx/HLS/Vivado_HLS_Tutorial/Using_IP_with_Zynq/lab2/project_1/project_1.srcs/sources_1/bd/Zynq_RealFFT/Zynq_RealFFT.bd> 
create_bd_design: Time (s): cpu = 00:00:08 ; elapsed = 00:00:08 . Memory (MB): peak = 6109.340 ; gain = 26.906 ; free physical = 305 ; free virtual = 6166
update_compile_order -fileset sources_1
startgroup
create_bd_cell -type ip -vlnv xilinx.com:ip:xfft:9.0 xfft_0
create_bd_cell: Time (s): cpu = 00:00:08 ; elapsed = 00:00:07 . Memory (MB): peak = 6184.785 ; gain = 39.504 ; free physical = 251 ; free virtual = 6116
endgroup
set_property -dict [list CONFIG.transform_length {512} CONFIG.target_clock_frequency {100} CONFIG.implementation_options {pipelined_streaming_io} CONFIG.aresetn {true} CONFIG.number_of_stages_using_block_ram_for_data_and_phase_factors {2}] [get_bd_cells xfft_0]
startgroup
create_bd_cell -type ip -vlnv xilinx.com:hls:hls_xfft2real:1.0 hls_xfft2real_0
create_bd_cell -type ip -vlnv xilinx.com:hls:hls_real2xfft:1.0 hls_real2xfft_0
endgroup
startgroup
create_bd_cell -type ip -vlnv xilinx.com:ip:axis_subset_converter:1.1 axis_subset_converter_0
endgroup
save_bd_design
Wrote  : </home/puya/Projects/FPGA/Xilinx/HLS/Vivado_HLS_Tutorial/Using_IP_with_Zynq/lab2/project_1/project_1.srcs/sources_1/bd/Zynq_RealFFT/Zynq_RealFFT.bd> 
Wrote  : </home/puya/Projects/FPGA/Xilinx/HLS/Vivado_HLS_Tutorial/Using_IP_with_Zynq/lab2/project_1/project_1.srcs/sources_1/bd/Zynq_RealFFT/ui/bd_922285b9.ui> 
set_property location {4 877 -47} [get_bd_cells xfft_0]
set_property location {4 840 -288} [get_bd_cells hls_real2xfft_0]
set_property location {3 1016 -274} [get_bd_cells hls_real2xfft_0]
connect_bd_intf_net [get_bd_intf_pins hls_real2xfft_0/dout] [get_bd_intf_pins xfft_0/S_AXIS_DATA]
save_bd_design
Wrote  : </home/puya/Projects/FPGA/Xilinx/HLS/Vivado_HLS_Tutorial/Using_IP_with_Zynq/lab2/project_1/project_1.srcs/sources_1/bd/Zynq_RealFFT/Zynq_RealFFT.bd> 
Wrote  : </home/puya/Projects/FPGA/Xilinx/HLS/Vivado_HLS_Tutorial/Using_IP_with_Zynq/lab2/project_1/project_1.srcs/sources_1/bd/Zynq_RealFFT/ui/bd_922285b9.ui> 
connect_bd_intf_net [get_bd_intf_pins xfft_0/M_AXIS_DATA] [get_bd_intf_pins hls_xfft2real_0/din]
set_property location {2 640 -73} [get_bd_cells axis_subset_converter_0]
connect_bd_intf_net [get_bd_intf_pins hls_xfft2real_0/dout] [get_bd_intf_pins axis_subset_converter_0/S_AXIS]
group_bd_cells RealFFT [get_bd_cells hls_real2xfft_0] [get_bd_cells hls_xfft2real_0] [get_bd_cells xfft_0] [get_bd_cells axis_subset_converter_0]
save_bd_design
Wrote  : </home/puya/Projects/FPGA/Xilinx/HLS/Vivado_HLS_Tutorial/Using_IP_with_Zynq/lab2/project_1/project_1.srcs/sources_1/bd/Zynq_RealFFT/Zynq_RealFFT.bd> 
Wrote  : </home/puya/Projects/FPGA/Xilinx/HLS/Vivado_HLS_Tutorial/Using_IP_with_Zynq/lab2/project_1/project_1.srcs/sources_1/bd/Zynq_RealFFT/ui/bd_922285b9.ui> 
startgroup
create_bd_intf_pin -mode Slave -vlnv xilinx.com:interface:axis_rtl:1.0 RealFFT/realfft_s_axis_din
connect_bd_intf_net [get_bd_intf_pins RealFFT/realfft_s_axis_din] [get_bd_intf_pins RealFFT/hls_real2xfft_0/din_V_V]
endgroup
startgroup
create_bd_pin -dir I RealFFT/aclk
connect_bd_net [get_bd_pins RealFFT/aclk] [get_bd_pins RealFFT/hls_real2xfft_0/ap_clk]
endgroup
startgroup
create_bd_intf_pin -mode Master -vlnv xilinx.com:interface:axis_rtl:1.0 RealFFT/realfft_m_axis_dout
connect_bd_intf_net [get_bd_intf_pins RealFFT/realfft_m_axis_dout] [get_bd_intf_pins RealFFT/axis_subset_converter_0/M_AXIS]
endgroup
startgroup
create_bd_pin -dir I RealFFT/aresetn
connect_bd_net [get_bd_pins RealFFT/aresetn] [get_bd_pins RealFFT/hls_real2xfft_0/ap_rst_n]
endgroup
startgroup
connect_bd_net [get_bd_pins RealFFT/aresetn] [get_bd_pins RealFFT/xfft_0/aresetn]
endgroup
connect_bd_net [get_bd_pins RealFFT/aclk] [get_bd_pins RealFFT/xfft_0/aclk]
connect_bd_net [get_bd_pins RealFFT/aclk] [get_bd_pins RealFFT/hls_xfft2real_0/ap_clk]
connect_bd_net [get_bd_pins RealFFT/aresetn] [get_bd_pins RealFFT/hls_xfft2real_0/ap_rst_n]
connect_bd_net [get_bd_pins RealFFT/aclk] [get_bd_pins RealFFT/axis_subset_converter_0/aclk]
connect_bd_net [get_bd_pins RealFFT/aresetn] [get_bd_pins RealFFT/axis_subset_converter_0/aresetn]
startgroup
create_bd_cell -type ip -vlnv xilinx.com:ip:xlconstant:1.1 RealFFT/xlconstant_0
endgroup
connect_bd_net [get_bd_pins RealFFT/xlconstant_0/dout] [get_bd_pins RealFFT/hls_real2xfft_0/ap_start]
WARNING: [BD 41-1306] The connection to interface pin /RealFFT/hls_real2xfft_0/ap_start is being overridden by the user. This pin will not be connected as a part of interface connection ap_ctrl
connect_bd_net [get_bd_pins RealFFT/xlconstant_0/dout] [get_bd_pins RealFFT/hls_xfft2real_0/ap_start]
WARNING: [BD 41-1306] The connection to interface pin /RealFFT/hls_xfft2real_0/ap_start is being overridden by the user. This pin will not be connected as a part of interface connection ap_ctrl
save_bd_design
Wrote  : </home/puya/Projects/FPGA/Xilinx/HLS/Vivado_HLS_Tutorial/Using_IP_with_Zynq/lab2/project_1/project_1.srcs/sources_1/bd/Zynq_RealFFT/Zynq_RealFFT.bd> 
Wrote  : </home/puya/Projects/FPGA/Xilinx/HLS/Vivado_HLS_Tutorial/Using_IP_with_Zynq/lab2/project_1/project_1.srcs/sources_1/bd/Zynq_RealFFT/ui/bd_6bf0cffd.ui> 
startgroup
create_bd_cell -type ip -vlnv xilinx.com:ip:processing_system7:5.5 processing_system7_0
endgroup
set_property location {1 703 -39} [get_bd_cells RealFFT]
set_property location {1 790 -218} [get_bd_cells processing_system7_0]
WARNING: [IP_Flow 19-474] Invalid Parameter 'Component_Name'
WARNING: [IP_Flow 19-474] Invalid Parameter 'Component_Name'
startgroup
set_property -dict [list CONFIG.preset {ZC702}] [get_bd_cells processing_system7_0]
set_property -dict [list CONFIG.PCW_FPGA0_PERIPHERAL_FREQMHZ {100} CONFIG.PCW_USE_S_AXI_HP0 {1}] [get_bd_cells processing_system7_0]
endgroup
startgroup
apply_bd_automation -rule xilinx.com:bd_rule:processing_system7 -config {make_external "FIXED_IO, DDR" apply_board_preset "1" Master "Disable" Slave "Disable" }  [get_bd_cells processing_system7_0]
endgroup
startgroup
create_bd_cell -type ip -vlnv xilinx.com:ip:axi_dma:7.1 axi_dma_0
endgroup
set_property -dict [list CONFIG.c_m_axi_s2mm_data_width.VALUE_SRC USER] [get_bd_cells axi_dma_0]
set_property -dict [list CONFIG.c_include_sg {0} CONFIG.c_sg_include_stscntrl_strm {0} CONFIG.c_include_mm2s {1} CONFIG.c_m_axi_mm2s_data_width {64} CONFIG.c_m_axis_mm2s_tdata_width {16} CONFIG.c_include_mm2s_dre {1} CONFIG.c_mm2s_burst_size {128} CONFIG.c_m_axi_s2mm_data_width {64} CONFIG.c_include_s2mm_dre {1} CONFIG.c_s2mm_burst_size {128}] [get_bd_cells axi_dma_0]
startgroup
apply_bd_automation -rule xilinx.com:bd_rule:axi4 -config {Master "/axi_dma_0/M_AXI_MM2S" intc_ip "Auto" Clk_xbar "Auto" Clk_master "Auto" Clk_slave "Auto" }  [get_bd_intf_pins processing_system7_0/S_AXI_HP0]
INFO: [Ipptcl 7-1463] No Compatible Board Interface found. Board Tab not created in customize GUI
</processing_system7_0/S_AXI_HP0/HP0_DDR_LOWOCM> is being mapped into </axi_dma_0/Data_MM2S> at <0x00000000 [ 1G ]>
apply_bd_automation -rule xilinx.com:bd_rule:axi4 -config {Master "/processing_system7_0/M_AXI_GP0" intc_ip "New AXI Interconnect" Clk_xbar "Auto" Clk_master "Auto" Clk_slave "Auto" }  [get_bd_intf_pins axi_dma_0/S_AXI_LITE]
</axi_dma_0/S_AXI_LITE/Reg> is being mapped into </processing_system7_0/Data> at <0x40400000 [ 64K ]>
endgroup
undo
INFO: [Common 17-17] undo 'endgroup'
INFO: [Common 17-17] undo 'apply_bd_automation -rule xilinx.com:bd_rule:axi4 -config {Master "/processing_system7_0/M_AXI_GP0" intc_ip "New AXI Interconnect" Clk_xbar "Auto" Clk_master "Auto" Clk_slave "Auto" }  [get_bd_intf_pins axi_dma_0/S_AXI_LITE]'
INFO: [Common 17-17] undo 'apply_bd_automation -rule xilinx.com:bd_rule:axi4 -config {Master "/axi_dma_0/M_AXI_MM2S" intc_ip "Auto" Clk_xbar "Auto" Clk_master "Auto" Clk_slave "Auto" }  [get_bd_intf_pins processing_system7_0/S_AXI_HP0]'
INFO: [Common 17-17] undo 'startgroup'
apply_bd_automation -rule xilinx.com:bd_rule:axi4 -config {Master "/processing_system7_0/M_AXI_GP0" intc_ip "New AXI Interconnect" Clk_xbar "Auto" Clk_master "Auto" Clk_slave "Auto" }  [get_bd_intf_pins axi_dma_0/S_AXI_LITE]
INFO: [Ipptcl 7-1463] No Compatible Board Interface found. Board Tab not created in customize GUI
</axi_dma_0/S_AXI_LITE/Reg> is being mapped into </processing_system7_0/Data> at <0x40400000 [ 64K ]>
apply_bd_automation -rule xilinx.com:bd_rule:axi4 -config {Master "/axi_dma_0/M_AXI_MM2S" intc_ip "Auto" Clk_xbar "Auto" Clk_master "Auto" Clk_slave "Auto" }  [get_bd_intf_pins processing_system7_0/S_AXI_HP0]
</processing_system7_0/S_AXI_HP0/HP0_DDR_LOWOCM> is being mapped into </axi_dma_0/Data_MM2S> at <0x00000000 [ 1G ]>
startgroup
set_property -dict [list CONFIG.NUM_SI {2} CONFIG.NUM_MI {1}] [get_bd_cells ps7_0_axi_periph]
endgroup
connect_bd_intf_net -boundary_type upper [get_bd_intf_pins ps7_0_axi_periph/S01_AXI] [get_bd_intf_pins axi_dma_0/M_AXI_S2MM]
save_bd_design
Wrote  : </home/puya/Projects/FPGA/Xilinx/HLS/Vivado_HLS_Tutorial/Using_IP_with_Zynq/lab2/project_1/project_1.srcs/sources_1/bd/Zynq_RealFFT/Zynq_RealFFT.bd> 
Wrote  : </home/puya/Projects/FPGA/Xilinx/HLS/Vivado_HLS_Tutorial/Using_IP_with_Zynq/lab2/project_1/project_1.srcs/sources_1/bd/Zynq_RealFFT/ui/bd_922285b9.ui> 
Wrote  : </home/puya/Projects/FPGA/Xilinx/HLS/Vivado_HLS_Tutorial/Using_IP_with_Zynq/lab2/project_1/project_1.srcs/sources_1/bd/Zynq_RealFFT/ui/bd_6bf0cffd.ui> 
connect_bd_net [get_bd_pins ps7_0_axi_periph/S01_ACLK] [get_bd_pins processing_system7_0/FCLK_CLK0]
connect_bd_net [get_bd_pins ps7_0_axi_periph/S01_ARESETN] [get_bd_pins processing_system7_0/FCLK_RESET0_N]
save_bd_design
Wrote  : </home/puya/Projects/FPGA/Xilinx/HLS/Vivado_HLS_Tutorial/Using_IP_with_Zynq/lab2/project_1/project_1.srcs/sources_1/bd/Zynq_RealFFT/Zynq_RealFFT.bd> 
Wrote  : </home/puya/Projects/FPGA/Xilinx/HLS/Vivado_HLS_Tutorial/Using_IP_with_Zynq/lab2/project_1/project_1.srcs/sources_1/bd/Zynq_RealFFT/ui/bd_922285b9.ui> 
Wrote  : </home/puya/Projects/FPGA/Xilinx/HLS/Vivado_HLS_Tutorial/Using_IP_with_Zynq/lab2/project_1/project_1.srcs/sources_1/bd/Zynq_RealFFT/ui/bd_6bf0cffd.ui> 
WARNING: [IP_Flow 19-474] Invalid Parameter 'Component_Name'
